2023-05-18 12:34:50	ERROR	common/logger.go:27	HAHAH
goroutine 10 [running]:
runtime/debug.Stack()
	D:/golang/go1.20.2/src/runtime/debug/stack.go:24 +0x65
hdyx/common.tLogger.ErrorLog({0xc000336160?}, {0xc0004a9818?, 0xc0004800d8?, 0x16?})
	D:/GoProgram/hdyx/common/logger.go:27 +0x45
hdyx/api.GetUserInfo({0xc0000910a0, 0x3, 0x8})
	D:/GoProgram/hdyx/api/user.go:39 +0x188
reflect.Value.call({0x82f440?, 0x9523a8?, 0x1c42d369358?}, {0x8fef14, 0x4}, {0xc00051df78, 0x1, 0x0?})
	D:/golang/go1.20.2/src/reflect/value.go:586 +0xb07
reflect.Value.Call({0x82f440?, 0x9523a8?, 0x8?}, {0xc00051df78?, 0xc00051df68?, 0x0?})
	D:/golang/go1.20.2/src/reflect/value.go:370 +0xbc
hdyx/route.routeHandel(0x10001, {0xc0000910a0, 0x3, 0x8})
	D:/GoProgram/hdyx/route/route.go:73 +0x1f0
hdyx/route.ListenAndHandel.func1()
	D:/GoProgram/hdyx/route/route.go:57 +0x4e
created by hdyx/route.ListenAndHandel
	D:/GoProgram/hdyx/route/route.go:51 +0x76

2023-05-18 16:16:30	ERROR	common/logger.go:27	HAHAH
goroutine 12 [running]:
runtime/debug.Stack()
	D:/golang/go1.20.2/src/runtime/debug/stack.go:24 +0x65
hdyx/common.tLogger.ErrorLog({0xc00007e000?}, {0xc000555818?, 0xc00001e1c8?, 0x16?})
	D:/GoProgram/hdyx/common/logger.go:27 +0x45
hdyx/api.GetUserInfo({0xc000024098, 0x3, 0x8})
	D:/GoProgram/hdyx/api/user.go:39 +0x188
reflect.Value.call({0x82f440?, 0x9523a8?, 0x1c452f00aa8?}, {0x8fef14, 0x4}, {0xc00008ff78, 0x1, 0x0?})
	D:/golang/go1.20.2/src/reflect/value.go:586 +0xb07
reflect.Value.Call({0x82f440?, 0x9523a8?, 0x8?}, {0xc00008ff78?, 0xc00008ff68?, 0x0?})
	D:/golang/go1.20.2/src/reflect/value.go:370 +0xbc
hdyx/route.routeHandel(0x10001, {0xc000024098, 0x3, 0x8})
	D:/GoProgram/hdyx/route/route.go:73 +0x1f0
hdyx/route.ListenAndHandel.func1()
	D:/GoProgram/hdyx/route/route.go:57 +0x4e
created by hdyx/route.ListenAndHandel
	D:/GoProgram/hdyx/route/route.go:51 +0x76

