2023-05-04 11:35:44	ERROR	common/logger.go:25	PROTO_UNMARSHAL_ERROR\r\ngoroutine 8 [running]:
runtime/debug.Stack()
	D:/golang/go1.20.2/src/runtime/debug/stack.go:24 +0x83
hdyx/common.tLogger.ErrorLog({0x9c2c240}, {0x697686, 0x15})
	D:/GoProgram/hdyx/common/logger.go:25 +0x1e
hdyx/server.ListenAndHandel(0x9c9e240)
	D:/GoProgram/hdyx/server/server.go:66 +0x17f
github.com/gin-gonic/gin.(*Context).Next(...)
	D:/GoProgram/pkg/mod/github.com/gin-gonic/gin@v1.9.0/context.go:174
github.com/gin-gonic/gin.CustomRecoveryWithWriter.func1(0x9c9e240)
	D:/GoProgram/pkg/mod/github.com/gin-gonic/gin@v1.9.0/recovery.go:102 +0x89
github.com/gin-gonic/gin.(*Context).Next(...)
	D:/GoProgram/pkg/mod/github.com/gin-gonic/gin@v1.9.0/context.go:174
github.com/gin-gonic/gin.LoggerWithConfig.func1(0x9c9e240)
	D:/GoProgram/pkg/mod/github.com/gin-gonic/gin@v1.9.0/logger.go:240 +0xa4
github.com/gin-gonic/gin.(*Context).Next(...)
	D:/GoProgram/pkg/mod/github.com/gin-gonic/gin@v1.9.0/context.go:174
github.com/gin-gonic/gin.(*Engine).handleHTTPRequest(0x9c7f260, 0x9c9e240)
	D:/GoProgram/pkg/mod/github.com/gin-gonic/gin@v1.9.0/gin.go:620 +0x52b
github.com/gin-gonic/gin.(*Engine).ServeHTTP(0x9c7f260, {0x762e78, 0x9caa000}, 0x9c94000)
	D:/GoProgram/pkg/mod/github.com/gin-gonic/gin@v1.9.0/gin.go:576 +0x1c9
net/http.serverHandler.ServeHTTP({0x9d3a3c0}, {0x762e78, 0x9caa000}, 0x9c94000)
	D:/golang/go1.20.2/src/net/http/server.go:2936 +0x293
net/http.(*conn).serve(0x9edea80, {0x763324, 0x9eabc50})
	D:/golang/go1.20.2/src/net/http/server.go:1995 +0x66d
created by net/http.(*Server).Serve
	D:/golang/go1.20.2/src/net/http/server.go:3089 +0x498

2023-05-04 11:39:49	ERROR	common/logger.go:25	PROTO_UNMARSHAL_ERROR\r\ngoroutine 8 [running]:
runtime/debug.Stack()
	D:/golang/go1.20.2/src/runtime/debug/stack.go:24 +0x83
hdyx/common.tLogger.ErrorLog({0xa02c240}, {0x8b7686, 0x15})
	D:/GoProgram/hdyx/common/logger.go:25 +0x1e
hdyx/server.ListenAndHandel(0xa09e120)
	D:/GoProgram/hdyx/server/server.go:66 +0x17f
github.com/gin-gonic/gin.(*Context).Next(...)
	D:/GoProgram/pkg/mod/github.com/gin-gonic/gin@v1.9.0/context.go:174
github.com/gin-gonic/gin.CustomRecoveryWithWriter.func1(0xa09e120)
	D:/GoProgram/pkg/mod/github.com/gin-gonic/gin@v1.9.0/recovery.go:102 +0x89
github.com/gin-gonic/gin.(*Context).Next(...)
	D:/GoProgram/pkg/mod/github.com/gin-gonic/gin@v1.9.0/context.go:174
github.com/gin-gonic/gin.LoggerWithConfig.func1(0xa09e120)
	D:/GoProgram/pkg/mod/github.com/gin-gonic/gin@v1.9.0/logger.go:240 +0xa4
github.com/gin-gonic/gin.(*Context).Next(...)
	D:/GoProgram/pkg/mod/github.com/gin-gonic/gin@v1.9.0/context.go:174
github.com/gin-gonic/gin.(*Engine).handleHTTPRequest(0xa07f260, 0xa09e120)
	D:/GoProgram/pkg/mod/github.com/gin-gonic/gin@v1.9.0/gin.go:620 +0x52b
github.com/gin-gonic/gin.(*Engine).ServeHTTP(0xa07f260, {0x982e78, 0xa0aa000}, 0xa094000)
	D:/GoProgram/pkg/mod/github.com/gin-gonic/gin@v1.9.0/gin.go:576 +0x1c9
net/http.serverHandler.ServeHTTP({0xa13a3c0}, {0x982e78, 0xa0aa000}, 0xa094000)
	D:/golang/go1.20.2/src/net/http/server.go:2936 +0x293
net/http.(*conn).serve(0xa2e0a20, {0x983324, 0xa2a9c50})
	D:/golang/go1.20.2/src/net/http/server.go:1995 +0x66d
created by net/http.(*Server).Serve
	D:/golang/go1.20.2/src/net/http/server.go:3089 +0x498

2023-05-04 11:43:57	ERROR	common/logger.go:25	PROTO_UNMARSHAL_ERROR\r\ngoroutine 8 [running]:
runtime/debug.Stack()
	D:/golang/go1.20.2/src/runtime/debug/stack.go:24 +0x83
hdyx/common.tLogger.ErrorLog({0xa02c240}, {0x667686, 0x15})
	D:/GoProgram/hdyx/common/logger.go:25 +0x1e
hdyx/server.ListenAndHandel(0xa09e120)
	D:/GoProgram/hdyx/server/server.go:67 +0x1c6
github.com/gin-gonic/gin.(*Context).Next(...)
	D:/GoProgram/pkg/mod/github.com/gin-gonic/gin@v1.9.0/context.go:174
github.com/gin-gonic/gin.CustomRecoveryWithWriter.func1(0xa09e120)
	D:/GoProgram/pkg/mod/github.com/gin-gonic/gin@v1.9.0/recovery.go:102 +0x89
github.com/gin-gonic/gin.(*Context).Next(...)
	D:/GoProgram/pkg/mod/github.com/gin-gonic/gin@v1.9.0/context.go:174
github.com/gin-gonic/gin.LoggerWithConfig.func1(0xa09e120)
	D:/GoProgram/pkg/mod/github.com/gin-gonic/gin@v1.9.0/logger.go:240 +0xa4
github.com/gin-gonic/gin.(*Context).Next(...)
	D:/GoProgram/pkg/mod/github.com/gin-gonic/gin@v1.9.0/context.go:174
github.com/gin-gonic/gin.(*Engine).handleHTTPRequest(0xa07f260, 0xa09e120)
	D:/GoProgram/pkg/mod/github.com/gin-gonic/gin@v1.9.0/gin.go:620 +0x52b
github.com/gin-gonic/gin.(*Engine).ServeHTTP(0xa07f260, {0x732ea8, 0xa0aa000}, 0xa094000)
	D:/GoProgram/pkg/mod/github.com/gin-gonic/gin@v1.9.0/gin.go:576 +0x1c9
net/http.serverHandler.ServeHTTP({0xa13a3c0}, {0x732ea8, 0xa0aa000}, 0xa094000)
	D:/golang/go1.20.2/src/net/http/server.go:2936 +0x293
net/http.(*conn).serve(0xa2de9c0, {0x733354, 0xa2a9c50})
	D:/golang/go1.20.2/src/net/http/server.go:1995 +0x66d
created by net/http.(*Server).Serve
	D:/golang/go1.20.2/src/net/http/server.go:3089 +0x498

2023-05-04 11:57:23	ERROR	common/logger.go:25	GET_YAML_CFG_ERROR:common\r\ngoroutine 1 [running]:
runtime/debug.Stack()
	D:/golang/go1.20.2/src/runtime/debug/stack.go:24 +0x83
hdyx/common.tLogger.ErrorLog({0xa82c240}, {0xaa9ff24, 0x19})
	D:/GoProgram/hdyx/common/logger.go:25 +0x1e
hdyx/common.GetYamlCfg({0x14cc460, 0x6}, {0xaa9ff9c, 0x4, 0x4})
	D:/GoProgram/hdyx/common/common.go:13 +0x106
main.main()
	D:/GoProgram/hdyx/gateway.go:16 +0xa8

2023-05-04 11:59:49	ERROR	common/logger.go:25	GET_YAML_CFG_ERROR:common\r\ngoroutine 1 [running]:
runtime/debug.Stack()
	D:/golang/go1.20.2/src/runtime/debug/stack.go:24 +0x83
hdyx/common.tLogger.ErrorLog({0xa02c240}, {0xa29ff2c, 0x19})
	D:/GoProgram/hdyx/common/logger.go:25 +0x1e
hdyx/common.GetYamlCfg({0x85c45a, 0x6}, {0xa29ff9c, 0x4, 0x4})
	D:/GoProgram/hdyx/common/common.go:13 +0x106
main.main()
	D:/GoProgram/hdyx/gateway.go:16 +0xa8

2023-05-04 12:00:48	ERROR	common/logger.go:25	GET_YAML_CFG_ERROR:common\r\ngoroutine 1 [running]:
runtime/debug.Stack()
	D:/golang/go1.20.2/src/runtime/debug/stack.go:24 +0x83
hdyx/common.tLogger.ErrorLog({0xa42c240}, {0xa69ff0c, 0x19})
	D:/GoProgram/hdyx/common/logger.go:25 +0x1e
hdyx/common.GetYamlCfg({0xbec460, 0x6}, {0xa69ff9c, 0x4, 0x4})
	D:/GoProgram/hdyx/common/common.go:13 +0x106
main.main()
	D:/GoProgram/hdyx/gateway.go:16 +0xa8

2023-05-04 12:02:12	ERROR	common/logger.go:25	GET_YAML_CFG_ERROR:D:\GoProgram\hdyx\config/common.yaml\r\ngoroutine 1 [running]:
runtime/debug.Stack()
	D:/golang/go1.20.2/src/runtime/debug/stack.go:24 +0x83
hdyx/common.tLogger.ErrorLog({0xa42c240}, {0xa6c2980, 0x37})
	D:/GoProgram/hdyx/common/logger.go:25 +0x1e
hdyx/common.GetYamlCfg({0xe8c460, 0x6}, {0xa69ff9c, 0x4, 0x4})
	D:/GoProgram/hdyx/common/common.go:14 +0x10e
main.main()
	D:/GoProgram/hdyx/gateway.go:16 +0xa8

2023-05-04 14:37:21	ERROR	common/logger.go:25	GET_YAML_CFG_INDEX_ERROR:<nil> INDEX: 1
\r\ngoroutine 1 [running]:
runtime/debug.Stack()
	D:/golang/go1.20.2/src/runtime/debug/stack.go:24 +0x83
hdyx/common.tLogger.ErrorLog({0x98c21e0}, {0x98a0900, 0x28})
	D:/GoProgram/hdyx/common/logger.go:25 +0x1e
hdyx/common.GetYamlCfg({0x2f0468, 0x8}, {0x98a9fa0, 0x4, 0x4})
	D:/GoProgram/hdyx/common/common.go:30 +0x377
main.main()
	D:/GoProgram/hdyx/gateway.go:17 +0x9a

2023-05-04 14:37:43	ERROR	common/logger.go:25	GET_YAML_CFG_INDEX_ERROR:<nil> INDEX: 1
\r\ngoroutine 1 [running]:
runtime/debug.Stack()
	D:/golang/go1.20.2/src/runtime/debug/stack.go:24 +0x83
hdyx/common.tLogger.ErrorLog({0xa426240}, {0xa414c00, 0x28})
	D:/GoProgram/hdyx/common/logger.go:25 +0x1e
hdyx/common.GetYamlCfg({0xb40468, 0x8}, {0xa461fa0, 0x4, 0x4})
	D:/GoProgram/hdyx/common/common.go:30 +0x377
main.main()
	D:/GoProgram/hdyx/gateway.go:17 +0x9a

2023-05-04 14:38:28	ERROR	common/logger.go:25	GET_YAML_CFG_INDEX_ERROR:<nil> INDEX: 1
\r\ngoroutine 1 [running]:
runtime/debug.Stack()
	D:/golang/go1.20.2/src/runtime/debug/stack.go:24 +0x83
hdyx/common.tLogger.ErrorLog({0xa0c21e0}, {0xa0a08a0, 0x28})
	D:/GoProgram/hdyx/common/logger.go:25 +0x1e
hdyx/common.GetYamlCfg({0xcf0468, 0x8}, {0xa0a9fa0, 0x4, 0x4})
	D:/GoProgram/hdyx/common/common.go:32 +0x468
main.main()
	D:/GoProgram/hdyx/gateway.go:17 +0x9a

2023-05-04 14:38:44	ERROR	common/logger.go:25	GET_YAML_CFG_INDEX_ERROR:<nil> INDEX: 1
\r\ngoroutine 1 [running]:
runtime/debug.Stack()
	D:/golang/go1.20.2/src/runtime/debug/stack.go:24 +0x83
hdyx/common.tLogger.ErrorLog({0x9c26240}, {0x9c14bd0, 0x28})
	D:/GoProgram/hdyx/common/logger.go:25 +0x1e
hdyx/common.GetYamlCfg({0x930468, 0x8}, {0x9c61fa0, 0x4, 0x4})
	D:/GoProgram/hdyx/common/common.go:32 +0x46c
main.main()
	D:/GoProgram/hdyx/gateway.go:17 +0x9a

2023-05-04 14:39:16	ERROR	common/logger.go:25	GET_YAML_CFG_INDEX_ERROR:<nil> INDEX: 1
\r\ngoroutine 1 [running]:
runtime/debug.Stack()
	D:/golang/go1.20.2/src/runtime/debug/stack.go:24 +0x83
hdyx/common.tLogger.ErrorLog({0x98c21e0}, {0x98a08a0, 0x28})
	D:/GoProgram/hdyx/common/logger.go:25 +0x1e
hdyx/common.GetYamlCfg({0x5c0468, 0x8}, {0x98a9fa0, 0x4, 0x4})
	D:/GoProgram/hdyx/common/common.go:32 +0x47e
main.main()
	D:/GoProgram/hdyx/gateway.go:17 +0x9a

2023-05-04 14:39:36	ERROR	common/logger.go:25	GET_YAML_CFG_INDEX_ERROR:<nil> INDEX: 1
\r\ngoroutine 1 [running]:
runtime/debug.Stack()
	D:/golang/go1.20.2/src/runtime/debug/stack.go:24 +0x83
hdyx/common.tLogger.ErrorLog({0xa426240}, {0xa414ba0, 0x28})
	D:/GoProgram/hdyx/common/logger.go:25 +0x1e
hdyx/common.GetYamlCfg({0x7e046d, 0x8}, {0xa461fa0, 0x4, 0x4})
	D:/GoProgram/hdyx/common/common.go:33 +0x4e4
main.main()
	D:/GoProgram/hdyx/gateway.go:17 +0x9a

2023-05-04 14:41:12	ERROR	common/logger.go:25	GET_YAML_CFG_INDEX_ERROR:<nil> INDEX: 1
\r\ngoroutine 1 [running]:
runtime/debug.Stack()
	D:/golang/go1.20.2/src/runtime/debug/stack.go:24 +0x83
hdyx/common.tLogger.ErrorLog({0x9826240}, {0x9814ba0, 0x28})
	D:/GoProgram/hdyx/common/logger.go:25 +0x1e
hdyx/common.GetYamlCfg({0x2d146d, 0x8}, {0x9861fa0, 0x4, 0x4})
	D:/GoProgram/hdyx/common/common.go:33 +0x4e7
main.main()
	D:/GoProgram/hdyx/gateway.go:17 +0x9a

2023-05-04 15:24:56	ERROR	common/logger.go:25	GET_YAML_CFG_INDEX_ERROR:<nil> INDEX: 1
\r\ngoroutine 1 [running]:
runtime/debug.Stack()
	D:/golang/go1.20.2/src/runtime/debug/stack.go:24 +0x83
hdyx/common.tLogger.ErrorLog({0xa026240}, {0xa014ba0, 0x28})
	D:/GoProgram/hdyx/common/logger.go:25 +0x1e
hdyx/common.GetYamlCfg({0xa70468, 0x8}, {0xa061fa0, 0x4, 0x4})
	D:/GoProgram/hdyx/common/common.go:31 +0x377
main.main()
	D:/GoProgram/hdyx/gateway.go:17 +0x9a

2023-05-04 15:46:36	ERROR	common/logger.go:25	YAML_UNMARSHAL_ERROR:yaml: unmarshal errors:
  line 5: cannot unmarshal !!map into []map[string]string
\r\ngoroutine 1 [running]:
runtime/debug.Stack()
	D:/golang/go1.20.2/src/runtime/debug/stack.go:24 +0x83
hdyx/common.tLogger.ErrorLog({0x9c26240}, {0x9c7d1f0, 0x67})
	D:/GoProgram/hdyx/common/logger.go:25 +0x1e
hdyx/common.GetDbCfg()
	D:/GoProgram/hdyx/common/common.go:62 +0x1c0
main.main()
	D:/GoProgram/hdyx/gateway.go:17 +0x1a

2023-05-04 15:54:46	ERROR	common/logger.go:25	YAML_UNMARSHAL_ERROR:yaml: unmarshal errors:
  line 5: cannot unmarshal !!map into []map[string]string
\r\ngoroutine 1 [running]:
runtime/debug.Stack()
	D:/golang/go1.20.2/src/runtime/debug/stack.go:24 +0x83
hdyx/common.tLogger.ErrorLog({0xa026240}, {0xa07d1f0, 0x67})
	D:/GoProgram/hdyx/common/logger.go:25 +0x1e
hdyx/common.GetDbCfg()
	D:/GoProgram/hdyx/common/common.go:62 +0x1c0
main.main()
	D:/GoProgram/hdyx/gateway.go:17 +0x1a

2023-05-04 15:55:01	ERROR	common/logger.go:25	YAML_UNMARSHAL_ERROR:yaml: unmarshal errors:
  line 5: cannot unmarshal !!map into []map[string]string
\r\ngoroutine 1 [running]:
runtime/debug.Stack()
	D:/golang/go1.20.2/src/runtime/debug/stack.go:24 +0x83
hdyx/common.tLogger.ErrorLog({0x9426240}, {0x947d1f0, 0x67})
	D:/GoProgram/hdyx/common/logger.go:25 +0x1e
hdyx/common.GetDbCfg()
	D:/GoProgram/hdyx/common/common.go:62 +0x1c0
main.main()
	D:/GoProgram/hdyx/gateway.go:17 +0x1a

2023-05-04 15:55:04	ERROR	common/logger.go:25	YAML_UNMARSHAL_ERROR:yaml: unmarshal errors:
  line 5: cannot unmarshal !!map into []map[string]string
\r\ngoroutine 1 [running]:
runtime/debug.Stack()
	D:/golang/go1.20.2/src/runtime/debug/stack.go:24 +0x83
hdyx/common.tLogger.ErrorLog({0x9c26240}, {0x9c7d1f0, 0x67})
	D:/GoProgram/hdyx/common/logger.go:25 +0x1e
hdyx/common.GetDbCfg()
	D:/GoProgram/hdyx/common/common.go:62 +0x1c0
main.main()
	D:/GoProgram/hdyx/gateway.go:17 +0x1a

