2023-06-03 11:48:36	ERROR	common/logger.go:33	不在游戏房间中，无法退出游戏
goroutine 28 [running]:
runtime/debug.Stack()
	D:/golang/go1.20.2/src/runtime/debug/stack.go:24 +0x65
hdyx/common.tLogger.GameErrorLog({0xc0004596e8?}, 0xc0003d8fe8, 0x9, {0xc0004596d8?, 0xc000401350?, 0xc000428180?})
	D:/GoProgram/hdyx/common/logger.go:33 +0x5f
hdyx/control.LeaveGame(0xc0003d8fe8)
	D:/GoProgram/hdyx/control/room.go:166 +0x2c8
hdyx/api.LeaveGame(0x0?, {0x0?, 0x0?, 0x5d37d9?})
	D:/GoProgram/hdyx/api/room.go:53 +0x1e
reflect.Value.call({0xdcc960?, 0xf614a0?, 0xc000467eb0?}, {0xefbcaa, 0x4}, {0xc000467f10, 0x2, 0x0?})
	D:/golang/go1.20.2/src/reflect/value.go:586 +0xb07
reflect.Value.Call({0xdcc960?, 0xf614a0?, 0x0?}, {0xc000467f10?, 0x0?, 0x0?})
	D:/golang/go1.20.2/src/reflect/value.go:370 +0xbc
hdyx/net.routeHandel(0xc0003d8fe8, 0xc000401200?)
	D:/GoProgram/hdyx/net/route.go:171 +0x2f9
hdyx/net.ListenAndHandel.func1()
	D:/GoProgram/hdyx/net/route.go:146 +0xf4
created by hdyx/net.ListenAndHandel
	D:/GoProgram/hdyx/net/route.go:138 +0x15a

2023-06-03 11:50:43	ERROR	common/logger.go:33	不在房间中，无法加入游戏
goroutine 48 [running]:
runtime/debug.Stack()
	D:/golang/go1.20.2/src/runtime/debug/stack.go:24 +0x65
hdyx/common.tLogger.GameErrorLog({0xdfe880?}, 0xc0003d8fe8, 0x8, {0xc00000f6c0?, 0xc0000a8510?, 0x2710?})
	D:/GoProgram/hdyx/common/logger.go:33 +0x5f
hdyx/control.JoinGame(0xc0003d8fe8, 0x2)
	D:/GoProgram/hdyx/control/room.go:88 +0x1ba
hdyx/api.JoinGame(0x0?, {0xc000690500, 0x2, 0x8})
	D:/GoProgram/hdyx/api/room.go:46 +0x6d
reflect.Value.call({0xdcc960?, 0xf61490?, 0x206ee2c0e68?}, {0xefbcaa, 0x4}, {0xc000465f10, 0x2, 0xc000465e50?})
	D:/golang/go1.20.2/src/reflect/value.go:586 +0xb07
reflect.Value.Call({0xdcc960?, 0xf61490?, 0x8?}, {0xc000465f10?, 0xc000481a00?, 0xc000465eb0?})
	D:/golang/go1.20.2/src/reflect/value.go:370 +0xbc
hdyx/net.routeHandel(0xc0003d8fe8, 0xc000401200?)
	D:/GoProgram/hdyx/net/route.go:171 +0x2f9
hdyx/net.ListenAndHandel.func1()
	D:/GoProgram/hdyx/net/route.go:146 +0xf4
created by hdyx/net.ListenAndHandel
	D:/GoProgram/hdyx/net/route.go:138 +0x15a

2023-06-03 11:50:46	ERROR	common/logger.go:33	不在房间中，无法加入游戏
goroutine 61 [running]:
runtime/debug.Stack()
	D:/golang/go1.20.2/src/runtime/debug/stack.go:24 +0x65
hdyx/common.tLogger.GameErrorLog({0xdfe880?}, 0xc0003d8fe8, 0x8, {0xc00000f6c0?, 0xc0000a8510?, 0x2710?})
	D:/GoProgram/hdyx/common/logger.go:33 +0x5f
hdyx/control.JoinGame(0xc0003d8fe8, 0x2)
	D:/GoProgram/hdyx/control/room.go:88 +0x1ba
hdyx/api.JoinGame(0x0?, {0xc000690010, 0x2, 0x8})
	D:/GoProgram/hdyx/api/room.go:46 +0x6d
reflect.Value.call({0xdcc960?, 0xf61490?, 0x206c8719358?}, {0xefbcaa, 0x4}, {0xc0004dbf10, 0x2, 0x0?})
	D:/golang/go1.20.2/src/reflect/value.go:586 +0xb07
reflect.Value.Call({0xdcc960?, 0xf61490?, 0x8?}, {0xc0004dbf10?, 0xc0000ce120?, 0xc0004dbe20?})
	D:/golang/go1.20.2/src/reflect/value.go:370 +0xbc
hdyx/net.routeHandel(0xc0003d8fe8, 0xc000401200?)
	D:/GoProgram/hdyx/net/route.go:171 +0x2f9
hdyx/net.ListenAndHandel.func1()
	D:/GoProgram/hdyx/net/route.go:146 +0xf4
created by hdyx/net.ListenAndHandel
	D:/GoProgram/hdyx/net/route.go:138 +0x15a

2023-06-03 12:14:39	ERROR	common/logger.go:33	不在房间中，无法加入游戏
goroutine 66 [running]:
runtime/debug.Stack()
	D:/golang/go1.20.2/src/runtime/debug/stack.go:24 +0x65
hdyx/common.tLogger.GameErrorLog({0xfdd880?}, 0xc0002236a8, 0x8, {0xc00001b6c0?, 0x2710?, 0xc000401260?})
	D:/GoProgram/hdyx/common/logger.go:33 +0x5f
hdyx/control.JoinGame(0xc0002236a8, 0x2)
	D:/GoProgram/hdyx/control/room.go:89 +0x1c6
hdyx/api.JoinGame(0x0?, {0xc000481870, 0x2, 0x8})
	D:/GoProgram/hdyx/api/room.go:46 +0x6d
reflect.Value.call({0xfab960?, 0x11403f0?, 0x20f5b8f3028?}, {0x10dacaa, 0x4}, {0xc0005adf10, 0x2, 0x0?})
	D:/golang/go1.20.2/src/reflect/value.go:586 +0xb07
reflect.Value.Call({0xfab960?, 0x11403f0?, 0x8?}, {0xc0005adf10?, 0x0?, 0x0?})
	D:/golang/go1.20.2/src/reflect/value.go:370 +0xbc
hdyx/net.routeHandel(0xc0002236a8, 0xc000401200?)
	D:/GoProgram/hdyx/net/route.go:171 +0x2f9
hdyx/net.ListenAndHandel.func1()
	D:/GoProgram/hdyx/net/route.go:146 +0xf4
created by hdyx/net.ListenAndHandel
	D:/GoProgram/hdyx/net/route.go:138 +0x15a

2023-06-03 12:18:09	ERROR	common/logger.go:33	不在房间中，无法加入游戏
goroutine 48 [running]:
runtime/debug.Stack()
	D:/golang/go1.20.2/src/runtime/debug/stack.go:24 +0x65
hdyx/common.tLogger.GameErrorLog({0x115d880?}, 0xc000708258, 0x8, {0xc00013b6c0?, 0x2710?, 0xc00082f590?})
	D:/GoProgram/hdyx/common/logger.go:33 +0x5f
hdyx/control.JoinGame(0xc000708258, 0x1)
	D:/GoProgram/hdyx/control/room.go:89 +0x1c6
hdyx/api.JoinGame(0x0?, {0xc000709588, 0x2, 0x8})
	D:/GoProgram/hdyx/api/room.go:46 +0x6d
reflect.Value.call({0x112b960?, 0x12c03f0?, 0x1af705528a8?}, {0x125acaa, 0x4}, {0xc00008ff10, 0x2, 0x0?})
	D:/golang/go1.20.2/src/reflect/value.go:586 +0xb07
reflect.Value.Call({0x112b960?, 0x12c03f0?, 0x8?}, {0xc00008ff10?, 0x0?, 0x0?})
	D:/golang/go1.20.2/src/reflect/value.go:370 +0xbc
hdyx/net.routeHandel(0xc000708258, 0xc0004b11d0?)
	D:/GoProgram/hdyx/net/route.go:171 +0x2f9
hdyx/net.ListenAndHandel.func1()
	D:/GoProgram/hdyx/net/route.go:146 +0xf4
created by hdyx/net.ListenAndHandel
	D:/GoProgram/hdyx/net/route.go:138 +0x15a

2023-06-03 14:44:46	ERROR	common/logger.go:33	新位次已经被玩家占用，无法调整游戏位次
goroutine 46 [running]:
runtime/debug.Stack()
	D:/golang/go1.20.2/src/runtime/debug/stack.go:24 +0x65
hdyx/common.tLogger.GameErrorLog({0x152d400?}, 0xc0004f1d10, 0xc, {0xc00009d6c0?, 0x2710?, 0xc000687860?})
	D:/GoProgram/hdyx/common/logger.go:33 +0x5f
hdyx/control.JoinGame(0xc0004f1d10, 0x0)
	D:/GoProgram/hdyx/control/room.go:114 +0x488
hdyx/api.JoinGame(0x0?, {0x0, 0x0, 0x0})
	D:/GoProgram/hdyx/api/room.go:46 +0x6d
reflect.Value.call({0x14fb8a0?, 0x168fc78?, 0xc000093eb0?}, {0x162a48a, 0x4}, {0xc000093f10, 0x2, 0x0?})
	D:/golang/go1.20.2/src/reflect/value.go:586 +0xb07
reflect.Value.Call({0x14fb8a0?, 0x168fc78?, 0x0?}, {0xc000093f10?, 0xc000067520?, 0xc000093ec8?})
	D:/golang/go1.20.2/src/reflect/value.go:370 +0xbc
hdyx/net.routeHandel(0xc0004f1d10, 0xc0004b11d0?)
	D:/GoProgram/hdyx/net/route.go:175 +0x2f9
hdyx/net.ListenAndHandel.func1()
	D:/GoProgram/hdyx/net/route.go:150 +0xf4
created by hdyx/net.ListenAndHandel
	D:/GoProgram/hdyx/net/route.go:142 +0x15a

2023-06-03 14:50:02	ERROR	common/logger.go:33	新位次已经被玩家占用，无法调整游戏位次
goroutine 83 [running]:
runtime/debug.Stack()
	D:/golang/go1.20.2/src/runtime/debug/stack.go:24 +0x65
hdyx/common.tLogger.GameErrorLog({0xf4d400?}, 0xc00047f070, 0xc, {0xc0005456c0?, 0x2710?, 0xc00016a600?})
	D:/GoProgram/hdyx/common/logger.go:33 +0x5f
hdyx/control.JoinGame(0xc00047f070, 0x1)
	D:/GoProgram/hdyx/control/room.go:114 +0x488
hdyx/api.JoinGame(0x0?, {0xc00003a598, 0x2, 0x8})
	D:/GoProgram/hdyx/api/room.go:46 +0x6d
reflect.Value.call({0xf1b8a0?, 0x10afc78?, 0x14f62a014a8?}, {0x104a48a, 0x4}, {0xc000175f10, 0x2, 0x0?})
	D:/golang/go1.20.2/src/reflect/value.go:586 +0xb07
reflect.Value.Call({0xf1b8a0?, 0x10afc78?, 0x8?}, {0xc000175f10?, 0x0?, 0x0?})
	D:/golang/go1.20.2/src/reflect/value.go:370 +0xbc
hdyx/net.routeHandel(0xc00047f070, 0xc000401200?)
	D:/GoProgram/hdyx/net/route.go:175 +0x2f9
hdyx/net.ListenAndHandel.func1()
	D:/GoProgram/hdyx/net/route.go:150 +0xf4
created by hdyx/net.ListenAndHandel
	D:/GoProgram/hdyx/net/route.go:142 +0x15a

2023-06-03 14:50:48	ERROR	common/logger.go:33	新位次已经被玩家占用，无法调整游戏位次
goroutine 74 [running]:
runtime/debug.Stack()
	D:/golang/go1.20.2/src/runtime/debug/stack.go:24 +0x65
hdyx/common.tLogger.GameErrorLog({0xf4d400?}, 0xc00047f070, 0xc, {0xc0000936c0?, 0xc0000a8510?, 0x2710?})
	D:/GoProgram/hdyx/common/logger.go:33 +0x5f
hdyx/control.ChangePos(0xc00047f070, 0x0, 0x0?)
	D:/GoProgram/hdyx/control/room.go:176 +0x2d7
hdyx/api.ChangePos(0x0?, {0x0, 0x0, 0x0})
	D:/GoProgram/hdyx/api/room.go:57 +0x70
reflect.Value.call({0xf1b8a0?, 0x10afc48?, 0xc00016feb0?}, {0x104a48a, 0x4}, {0xc00016ff10, 0x2, 0x5?})
	D:/golang/go1.20.2/src/reflect/value.go:586 +0xb07
reflect.Value.Call({0xf1b8a0?, 0x10afc48?, 0x0?}, {0xc00016ff10?, 0x0?, 0x0?})
	D:/golang/go1.20.2/src/reflect/value.go:370 +0xbc
hdyx/net.routeHandel(0xc00047f070, 0xc000401200?)
	D:/GoProgram/hdyx/net/route.go:175 +0x2f9
hdyx/net.ListenAndHandel.func1()
	D:/GoProgram/hdyx/net/route.go:150 +0xf4
created by hdyx/net.ListenAndHandel
	D:/GoProgram/hdyx/net/route.go:142 +0x15a

2023-06-03 14:50:54	ERROR	common/logger.go:33	新位次已经被玩家占用，无法调整游戏位次
goroutine 42 [running]:
runtime/debug.Stack()
	D:/golang/go1.20.2/src/runtime/debug/stack.go:24 +0x65
hdyx/common.tLogger.GameErrorLog({0xf4d400?}, 0xc00047f070, 0xc, {0xc0002c36c0?, 0xc0000a8510?, 0x2710?})
	D:/GoProgram/hdyx/common/logger.go:33 +0x5f
hdyx/control.ChangePos(0xc00047f070, 0x0, 0x0?)
	D:/GoProgram/hdyx/control/room.go:176 +0x2d7
hdyx/api.ChangePos(0x0?, {0x0, 0x0, 0x0})
	D:/GoProgram/hdyx/api/room.go:57 +0x70
reflect.Value.call({0xf1b8a0?, 0x10afc48?, 0xc00016feb0?}, {0x104a48a, 0x4}, {0xc00016ff10, 0x2, 0x5?})
	D:/golang/go1.20.2/src/reflect/value.go:586 +0xb07
reflect.Value.Call({0xf1b8a0?, 0x10afc48?, 0x0?}, {0xc00016ff10?, 0x0?, 0x0?})
	D:/golang/go1.20.2/src/reflect/value.go:370 +0xbc
hdyx/net.routeHandel(0xc00047f070, 0xc000401200?)
	D:/GoProgram/hdyx/net/route.go:175 +0x2f9
hdyx/net.ListenAndHandel.func1()
	D:/GoProgram/hdyx/net/route.go:150 +0xf4
created by hdyx/net.ListenAndHandel
	D:/GoProgram/hdyx/net/route.go:142 +0x15a

2023-06-03 15:01:25	ERROR	common/logger.go:33	创建失败，房间id已存在
goroutine 57 [running]:
runtime/debug.Stack()
	D:/golang/go1.20.2/src/runtime/debug/stack.go:24 +0x65
hdyx/common.tLogger.GameErrorLog({0xb3d740?}, 0xc000480da8, 0x4, {0xc0005c7720?, 0xd818a0?, 0xc00013a740?})
	D:/GoProgram/hdyx/common/logger.go:33 +0x5f
hdyx/control.CreateRoom(0xc000480da8, 0x5?, 0x8?, 0x0?)
	D:/GoProgram/hdyx/control/room.go:28 +0xec
hdyx/api.CreateRoom(0x0?, {0xc00012c9a8, 0x5, 0x8})
	D:/GoProgram/hdyx/api/room.go:26 +0x76
reflect.Value.call({0xb0b880?, 0xc9fb98?, 0x1b4409a0c88?}, {0xc3a3ca, 0x4}, {0xc0002bff10, 0x2, 0x0?})
	D:/golang/go1.20.2/src/reflect/value.go:586 +0xb07
reflect.Value.Call({0xb0b880?, 0xc9fb98?, 0x8?}, {0xc0002bff10?, 0x0?, 0x0?})
	D:/golang/go1.20.2/src/reflect/value.go:370 +0xbc
hdyx/net.routeHandel(0xc000480da8, 0xc000401200?)
	D:/GoProgram/hdyx/net/route.go:175 +0x2f9
hdyx/net.ListenAndHandel.func1()
	D:/GoProgram/hdyx/net/route.go:150 +0xf4
created by hdyx/net.ListenAndHandel
	D:/GoProgram/hdyx/net/route.go:142 +0x15a

2023-06-03 15:14:46	ERROR	common/logger.go:33	创建失败，房间id已存在
goroutine 69 [running]:
runtime/debug.Stack()
	D:/golang/go1.20.2/src/runtime/debug/stack.go:24 +0x65
hdyx/common.tLogger.GameErrorLog({0x16cd740?}, 0xc00003b168, 0x4, {0xc0000fd720?, 0x1911880?, 0xc000100740?})
	D:/GoProgram/hdyx/common/logger.go:33 +0x5f
hdyx/control.CreateRoom(0xc00003b168, 0x5?, 0x8?, 0x0?)
	D:/GoProgram/hdyx/control/room.go:28 +0xec
hdyx/api.CreateRoom(0x0?, {0xc00003b3a0, 0x5, 0x8})
	D:/GoProgram/hdyx/api/room.go:26 +0x76
reflect.Value.call({0x169b880?, 0x182fb78?, 0x1c2477d1908?}, {0x17ca3ca, 0x4}, {0xc0000c9f10, 0x2, 0x0?})
	D:/golang/go1.20.2/src/reflect/value.go:586 +0xb07
reflect.Value.Call({0x169b880?, 0x182fb78?, 0x8?}, {0xc0000c9f10?, 0x0?, 0x0?})
	D:/golang/go1.20.2/src/reflect/value.go:370 +0xbc
hdyx/net.routeHandel(0xc00003b168, 0xc000401200?)
	D:/GoProgram/hdyx/net/route.go:140 +0x2f9
hdyx/net.ListenAndHandel.func1()
	D:/GoProgram/hdyx/net/route.go:115 +0xf4
created by hdyx/net.ListenAndHandel
	D:/GoProgram/hdyx/net/route.go:107 +0x15a

2023-06-03 15:14:48	ERROR	common/logger.go:33	已经在房间中，无法重复加入房间
goroutine 82 [running]:
runtime/debug.Stack()
	D:/golang/go1.20.2/src/runtime/debug/stack.go:24 +0x65
hdyx/common.tLogger.GameErrorLog({0x16cd740?}, 0xc00003b180, 0x6, {0xc0000f96c0?, 0x8?, 0xea0000?})
	D:/GoProgram/hdyx/common/logger.go:33 +0x5f
hdyx/control.JoinRoom(0xc00003b180, 0x3?)
	D:/GoProgram/hdyx/control/room.go:58 +0x17e
hdyx/api.JoinRoom(0x0?, {0xc00052d068, 0x3, 0x8})
	D:/GoProgram/hdyx/api/room.go:36 +0x6e
reflect.Value.call({0x169b880?, 0x182fba0?, 0x1c26d420148?}, {0x17ca3ca, 0x4}, {0xc0002c3f10, 0x2, 0x0?})
	D:/golang/go1.20.2/src/reflect/value.go:586 +0xb07
reflect.Value.Call({0x169b880?, 0x182fba0?, 0x8?}, {0xc0002c3f10?, 0x0?, 0x0?})
	D:/golang/go1.20.2/src/reflect/value.go:370 +0xbc
hdyx/net.routeHandel(0xc00003b180, 0xc000401200?)
	D:/GoProgram/hdyx/net/route.go:140 +0x2f9
hdyx/net.ListenAndHandel.func1()
	D:/GoProgram/hdyx/net/route.go:115 +0xf4
created by hdyx/net.ListenAndHandel
	D:/GoProgram/hdyx/net/route.go:107 +0x15a

2023-06-03 15:14:51	ERROR	common/logger.go:33	已经在房间中，无法重复加入房间
goroutine 70 [running]:
runtime/debug.Stack()
	D:/golang/go1.20.2/src/runtime/debug/stack.go:24 +0x65
hdyx/common.tLogger.GameErrorLog({0x16cd740?}, 0xc00003b188, 0x6, {0xc0000fd6c0?, 0x8?, 0xea0000?})
	D:/GoProgram/hdyx/common/logger.go:33 +0x5f
hdyx/control.JoinRoom(0xc00003b188, 0x3?)
	D:/GoProgram/hdyx/control/room.go:58 +0x17e
hdyx/api.JoinRoom(0x0?, {0xc00003b758, 0x3, 0x8})
	D:/GoProgram/hdyx/api/room.go:36 +0x6e
reflect.Value.call({0x169b880?, 0x182fba0?, 0x1c2477d1908?}, {0x17ca3ca, 0x4}, {0xc0002c3f10, 0x2, 0x0?})
	D:/golang/go1.20.2/src/reflect/value.go:586 +0xb07
reflect.Value.Call({0x169b880?, 0x182fba0?, 0x8?}, {0xc0002c3f10?, 0x0?, 0x0?})
	D:/golang/go1.20.2/src/reflect/value.go:370 +0xbc
hdyx/net.routeHandel(0xc00003b188, 0xc000401200?)
	D:/GoProgram/hdyx/net/route.go:140 +0x2f9
hdyx/net.ListenAndHandel.func1()
	D:/GoProgram/hdyx/net/route.go:115 +0xf4
created by hdyx/net.ListenAndHandel
	D:/GoProgram/hdyx/net/route.go:107 +0x15a

2023-06-03 15:15:26	ERROR	common/logger.go:33	不在房间中，无法加入游戏
goroutine 53 [running]:
runtime/debug.Stack()
	D:/golang/go1.20.2/src/runtime/debug/stack.go:24 +0x65
hdyx/common.tLogger.GameErrorLog({0x16cd740?}, 0xc00003b180, 0x8, {0xc0002dd6c0?, 0x2710?, 0xc00054e030?})
	D:/GoProgram/hdyx/common/logger.go:33 +0x5f
hdyx/control.JoinGame(0xc00003b180, 0x2)
	D:/GoProgram/hdyx/control/room.go:89 +0x1c6
hdyx/api.JoinGame(0x0?, {0xc000272530, 0x2, 0x8})
	D:/GoProgram/hdyx/api/room.go:46 +0x6d
reflect.Value.call({0x169b880?, 0x182fb98?, 0x1c26d2856d8?}, {0x17ca3ca, 0x4}, {0xc0002bff10, 0x2, 0x0?})
	D:/golang/go1.20.2/src/reflect/value.go:586 +0xb07
reflect.Value.Call({0x169b880?, 0x182fb98?, 0x8?}, {0xc0002bff10?, 0x0?, 0x0?})
	D:/golang/go1.20.2/src/reflect/value.go:370 +0xbc
hdyx/net.routeHandel(0xc00003b180, 0xc000401200?)
	D:/GoProgram/hdyx/net/route.go:140 +0x2f9
hdyx/net.ListenAndHandel.func1()
	D:/GoProgram/hdyx/net/route.go:115 +0xf4
created by hdyx/net.ListenAndHandel
	D:/GoProgram/hdyx/net/route.go:107 +0x15a

