2023-06-05 14:08:46	PANIC	common/logger.go:28	PANIC_ERROR: value method hdyx/model.Act1Model.NewActModel called using nil *Act1Model pointer
goroutine 89 [running]:
runtime/debug.Stack()
	D:/golang/go1.20.2/src/runtime/debug/stack.go:24 +0x65
hdyx/common.tLogger.SystemErrorLog({0xc0005248a8?}, {0xc0005a8cc8?, 0xc0005a8d70?, 0x296610?})
	D:/GoProgram/hdyx/common/logger.go:28 +0x45
hdyx/net.ListenAndHandel.func1.1()
	D:/GoProgram/hdyx/net/route.go:110 +0x6c
panic({0xb19280, 0xc000073500})
	D:/golang/go1.20.2/src/runtime/panic.go:884 +0x213
hdyx/model.(*Act1Model).NewActModel(0x1?, 0x1?)
	<autogenerated>:1 +0x74
reflect.Value.call({0xbc62e0?, 0xc0006a00b0?, 0x4?}, {0xc1006a, 0x4}, {0xc0005a96c0, 0x1, 0xd5c8a8?})
	D:/golang/go1.20.2/src/reflect/value.go:586 +0xb07
reflect.Value.Call({0xbc62e0?, 0xc0006a00b0?, 0xc000000001?}, {0xc0005a96c0?, 0x4?, 0x13?})
	D:/golang/go1.20.2/src/reflect/value.go:370 +0xbc
hdyx/model.NewActModel(0xc00047f3b0, 0x401200?)
	D:/GoProgram/hdyx/model/actModelRegister.go:32 +0x14c
hdyx/control.Act1GameInit(0xc00047f3b0)
	D:/GoProgram/hdyx/control/act1.go:23 +0xf5
hdyx/api.Act1GameInit(0x0?, {0x0?, 0x0?, 0x2e37d9?})
	D:/GoProgram/hdyx/api/act1.go:11 +0x1e
reflect.Value.call({0xadfe40?, 0xc758a8?, 0xc000565eb0?}, {0xc1006a, 0x4}, {0xc000565f10, 0x2, 0x0?})
	D:/golang/go1.20.2/src/reflect/value.go:586 +0xb07
reflect.Value.Call({0xadfe40?, 0xc758a8?, 0x0?}, {0xc000565f10?, 0x0?, 0x0?})
	D:/golang/go1.20.2/src/reflect/value.go:370 +0xbc
hdyx/net.routeHandel(0xc00047f3b0, 0xc000401200?)
	D:/GoProgram/hdyx/net/route.go:140 +0x2f9
hdyx/net.ListenAndHandel.func1()
	D:/GoProgram/hdyx/net/route.go:115 +0xf4
created by hdyx/net.ListenAndHandel
	D:/GoProgram/hdyx/net/route.go:107 +0x15a

2023-06-05 14:17:21	PANIC	common/logger.go:28	PROTO_UNMARSHAL_ERROR
goroutine 42 [running]:
runtime/debug.Stack()
	D:/golang/go1.20.2/src/runtime/debug/stack.go:24 +0x65
hdyx/common.tLogger.SystemErrorLog({0xc0005ae200?}, {0xc00052b6e0?, 0x200?, 0x11f9120?})
	D:/GoProgram/hdyx/common/logger.go:28 +0x45
hdyx/net.ListenAndHandel(0x1084a00?)
	D:/GoProgram/hdyx/net/route.go:101 +0x29a
github.com/gin-gonic/gin.(*Context).Next(...)
	D:/GoProgram/pkg/mod/github.com/gin-gonic/gin@v1.9.0/context.go:174
github.com/gin-gonic/gin.CustomRecoveryWithWriter.func1(0xc00051e200)
	D:/GoProgram/pkg/mod/github.com/gin-gonic/gin@v1.9.0/recovery.go:102 +0x82
github.com/gin-gonic/gin.(*Context).Next(...)
	D:/GoProgram/pkg/mod/github.com/gin-gonic/gin@v1.9.0/context.go:174
github.com/gin-gonic/gin.LoggerWithConfig.func1(0xc00051e200)
	D:/GoProgram/pkg/mod/github.com/gin-gonic/gin@v1.9.0/logger.go:240 +0xe7
github.com/gin-gonic/gin.(*Context).Next(...)
	D:/GoProgram/pkg/mod/github.com/gin-gonic/gin@v1.9.0/context.go:174
github.com/gin-gonic/gin.(*Engine).handleHTTPRequest(0xc000604340, 0xc00051e200)
	D:/GoProgram/pkg/mod/github.com/gin-gonic/gin@v1.9.0/gin.go:620 +0x66b
github.com/gin-gonic/gin.(*Engine).ServeHTTP(0xc000604340, {0x11ffef0?, 0xc0005b2000}, 0xc00051e100)
	D:/GoProgram/pkg/mod/github.com/gin-gonic/gin@v1.9.0/gin.go:576 +0x1dd
net/http.serverHandler.ServeHTTP({0xc0001122d0?}, {0x11ffef0, 0xc0005b2000}, 0xc00051e100)
	D:/golang/go1.20.2/src/net/http/server.go:2936 +0x316
net/http.(*conn).serve(0xc0000ea2d0, {0x12008d8, 0xc0001df2f0})
	D:/golang/go1.20.2/src/net/http/server.go:1995 +0x612
created by net/http.(*Server).Serve
	D:/golang/go1.20.2/src/net/http/server.go:3089 +0x5ed

2023-06-05 14:18:10	PANIC	common/logger.go:28	PANIC_ERROR: value method hdyx/model.Act1Model.NewActModel called using nil *Act1Model pointer
goroutine 16 [running]:
runtime/debug.Stack()
	D:/golang/go1.20.2/src/runtime/debug/stack.go:24 +0x65
hdyx/common.tLogger.SystemErrorLog({0xc000223e98?}, {0xc000558cc8?, 0xc000558d70?, 0x746610?})
	D:/GoProgram/hdyx/common/logger.go:28 +0x45
hdyx/net.ListenAndHandel.func1.1()
	D:/GoProgram/hdyx/net/route.go:110 +0x6c
panic({0xfc9280, 0xc000376710})
	D:/golang/go1.20.2/src/runtime/panic.go:884 +0x213
hdyx/model.(*Act1Model).NewActModel(0x1?, 0x1?)
	<autogenerated>:1 +0x74
reflect.Value.call({0x10762e0?, 0xc000608110?, 0x4?}, {0x10c006a, 0x4}, {0xc0005596c0, 0x1, 0x120c8a8?})
	D:/golang/go1.20.2/src/reflect/value.go:586 +0xb07
reflect.Value.Call({0x10762e0?, 0xc000608110?, 0xc000000001?}, {0xc0005596c0?, 0x4?, 0x13?})
	D:/golang/go1.20.2/src/reflect/value.go:370 +0xbc
hdyx/model.NewActModel(0xc000222748, 0x3ff200?)
	D:/GoProgram/hdyx/model/actModelRegister.go:32 +0x14c
hdyx/control.Act1GameInit(0xc000222748)
	D:/GoProgram/hdyx/control/act1.go:23 +0xf5
hdyx/api.Act1GameInit(0x0?, {0x0?, 0x0?, 0x7937d9?})
	D:/GoProgram/hdyx/api/act1.go:11 +0x1e
reflect.Value.call({0xf8fe40?, 0x11258a8?, 0xc000343eb0?}, {0x10c006a, 0x4}, {0xc000343f10, 0x2, 0x0?})
	D:/golang/go1.20.2/src/reflect/value.go:586 +0xb07
reflect.Value.Call({0xf8fe40?, 0x11258a8?, 0x0?}, {0xc000343f10?, 0x0?, 0x0?})
	D:/golang/go1.20.2/src/reflect/value.go:370 +0xbc
hdyx/net.routeHandel(0xc000222748, 0xc0003ff200?)
	D:/GoProgram/hdyx/net/route.go:140 +0x2f9
hdyx/net.ListenAndHandel.func1()
	D:/GoProgram/hdyx/net/route.go:115 +0xf4
created by hdyx/net.ListenAndHandel
	D:/GoProgram/hdyx/net/route.go:107 +0x15a

2023-06-05 14:23:49	PANIC	common/logger.go:28	PANIC_ERROR: value method hdyx/model.Act1Model.NewActModel called using nil *Act1Model pointer
goroutine 14 [running]:
runtime/debug.Stack()
	D:/golang/go1.20.2/src/runtime/debug/stack.go:24 +0x65
hdyx/common.tLogger.SystemErrorLog({0xc0006087a8?}, {0xc000526c98?, 0xc000526d40?, 0xa96610?})
	D:/GoProgram/hdyx/common/logger.go:28 +0x45
hdyx/net.ListenAndHandel.func1.1()
	D:/GoProgram/hdyx/net/route.go:110 +0x6c
panic({0x1319280, 0xc0003dfcd0})
	D:/golang/go1.20.2/src/runtime/panic.go:884 +0x213
hdyx/model.(*Act1Model).NewActModel(0x1?, 0x1?)
	<autogenerated>:1 +0x74
reflect.Value.call({0x13c62e0?, 0xc000774160?, 0x4?}, {0x141006a, 0x4}, {0xc0005276c0, 0x1, 0x155c928?})
	D:/golang/go1.20.2/src/reflect/value.go:586 +0xb07
reflect.Value.Call({0x13c62e0?, 0xc000774160?, 0xc0005276a0?}, {0xc0005276c0?, 0x1?, 0x21d?})
	D:/golang/go1.20.2/src/reflect/value.go:370 +0xbc
hdyx/model.NewActModel(0xc000222338, 0x401200?)
	D:/GoProgram/hdyx/model/actModelRegister.go:36 +0x213
hdyx/control.Act1GameInit(0xc000222338)
	D:/GoProgram/hdyx/control/act1.go:23 +0xf5
hdyx/api.Act1GameInit(0x0?, {0x0?, 0x0?, 0xae37d9?})
	D:/GoProgram/hdyx/api/act1.go:11 +0x1e
reflect.Value.call({0x12dfe40?, 0x14758a8?, 0xc000499eb0?}, {0x141006a, 0x4}, {0xc000499f10, 0x2, 0x0?})
	D:/golang/go1.20.2/src/reflect/value.go:586 +0xb07
reflect.Value.Call({0x12dfe40?, 0x14758a8?, 0x0?}, {0xc000499f10?, 0x1336ae0?, 0x126837c?})
	D:/golang/go1.20.2/src/reflect/value.go:370 +0xbc
hdyx/net.routeHandel(0xc000222338, 0xc000401200?)
	D:/GoProgram/hdyx/net/route.go:140 +0x2f9
hdyx/net.ListenAndHandel.func1()
	D:/GoProgram/hdyx/net/route.go:115 +0xf4
created by hdyx/net.ListenAndHandel
	D:/GoProgram/hdyx/net/route.go:107 +0x15a

2023-06-05 14:25:04	PANIC	common/logger.go:28	PANIC_ERROR: reflect: call of reflect.Value.Call on zero Value
goroutine 70 [running]:
runtime/debug.Stack()
	D:/golang/go1.20.2/src/runtime/debug/stack.go:24 +0x65
hdyx/common.tLogger.SystemErrorLog({0xe?}, {0xc0006454a0?, 0xc000645548?, 0xe16610?})
	D:/GoProgram/hdyx/common/logger.go:28 +0x45
hdyx/net.ListenAndHandel.func1.1()
	D:/GoProgram/hdyx/net/route.go:110 +0x6c
panic({0x1684260, 0xc0000086c0})
	D:/golang/go1.20.2/src/runtime/panic.go:884 +0x213
reflect.flag.mustBe(...)
	D:/golang/go1.20.2/src/reflect/value.go:223
reflect.Value.Call({0x0?, 0x0?, 0x1?}, {0xc0006456c0?, 0xc00037d1d0?, 0x2?})
	D:/golang/go1.20.2/src/reflect/value.go:368 +0x118
hdyx/model.NewActModel(0xc0001273f8, 0x42f1d0?)
	D:/GoProgram/hdyx/model/actModelRegister.go:32 +0x193
hdyx/control.Act1GameInit(0xc0001273f8)
	D:/GoProgram/hdyx/control/act1.go:23 +0xf5
hdyx/api.Act1GameInit(0x0?, {0x0?, 0x0?, 0xe637d9?})
	D:/GoProgram/hdyx/api/act1.go:11 +0x1e
reflect.Value.call({0x165fe40?, 0x17f58a8?, 0xc000569eb0?}, {0x179006a, 0x4}, {0xc000569f10, 0x2, 0x0?})
	D:/golang/go1.20.2/src/reflect/value.go:586 +0xb07
reflect.Value.Call({0x165fe40?, 0x17f58a8?, 0x0?}, {0xc000569f10?, 0x0?, 0x0?})
	D:/golang/go1.20.2/src/reflect/value.go:370 +0xbc
hdyx/net.routeHandel(0xc0001273f8, 0xc00042f1d0?)
	D:/GoProgram/hdyx/net/route.go:140 +0x2f9
hdyx/net.ListenAndHandel.func1()
	D:/GoProgram/hdyx/net/route.go:115 +0xf4
created by hdyx/net.ListenAndHandel
	D:/GoProgram/hdyx/net/route.go:107 +0x15a

2023-06-05 14:26:02	PANIC	common/logger.go:28	PANIC_ERROR: reflect: call of reflect.Value.Call on zero Value
goroutine 60 [running]:
runtime/debug.Stack()
	D:/golang/go1.20.2/src/runtime/debug/stack.go:24 +0x65
hdyx/common.tLogger.SystemErrorLog({0xf?}, {0xc000145480?, 0xc000145528?, 0x56610?})
	D:/GoProgram/hdyx/common/logger.go:28 +0x45
hdyx/net.ListenAndHandel.func1.1()
	D:/GoProgram/hdyx/net/route.go:110 +0x6c
panic({0x8c4260, 0xc000009260})
	D:/golang/go1.20.2/src/runtime/panic.go:884 +0x213
reflect.flag.mustBe(...)
	D:/golang/go1.20.2/src/reflect/value.go:223
reflect.Value.Call({0x0?, 0x0?, 0xc0001456a0?}, {0xc0001456c0?, 0x1?, 0x21d?})
	D:/golang/go1.20.2/src/reflect/value.go:368 +0x118
hdyx/model.NewActModel(0xc0002236d0, 0x401200?)
	D:/GoProgram/hdyx/model/actModelRegister.go:36 +0x233
hdyx/control.Act1GameInit(0xc0002236d0)
	D:/GoProgram/hdyx/control/act1.go:23 +0xf5
hdyx/api.Act1GameInit(0x0?, {0x0?, 0x0?, 0xa37d9?})
	D:/GoProgram/hdyx/api/act1.go:11 +0x1e
reflect.Value.call({0x89fe40?, 0xa358a8?, 0xc000131eb0?}, {0x9d006a, 0x4}, {0xc000131f10, 0x2, 0x0?})
	D:/golang/go1.20.2/src/reflect/value.go:586 +0xb07
reflect.Value.Call({0x89fe40?, 0xa358a8?, 0x0?}, {0xc000131f10?, 0x0?, 0x0?})
	D:/golang/go1.20.2/src/reflect/value.go:370 +0xbc
hdyx/net.routeHandel(0xc0002236d0, 0xc000401200?)
	D:/GoProgram/hdyx/net/route.go:140 +0x2f9
hdyx/net.ListenAndHandel.func1()
	D:/GoProgram/hdyx/net/route.go:115 +0xf4
created by hdyx/net.ListenAndHandel
	D:/GoProgram/hdyx/net/route.go:107 +0x15a

2023-06-05 14:31:38	PANIC	common/logger.go:28	PANIC_ERROR: reflect: call of reflect.Value.Call on zero Value
goroutine 82 [running]:
runtime/debug.Stack()
	D:/golang/go1.20.2/src/runtime/debug/stack.go:24 +0x65
hdyx/common.tLogger.SystemErrorLog({0xf?}, {0xc00013f460?, 0xc00013f508?, 0x616610?})
	D:/GoProgram/hdyx/common/logger.go:28 +0x45
hdyx/net.ListenAndHandel.func1.1()
	D:/GoProgram/hdyx/net/route.go:110 +0x6c
panic({0xe84260, 0xc0005365e8})
	D:/golang/go1.20.2/src/runtime/panic.go:884 +0x213
reflect.flag.mustBe(...)
	D:/golang/go1.20.2/src/reflect/value.go:223
reflect.Value.Call({0x0?, 0x0?, 0xc00013f680?}, {0xc00013f6c0?, 0x1?, 0xc00047d2e8?})
	D:/golang/go1.20.2/src/reflect/value.go:368 +0x118
hdyx/model.NewActModel(0xc00047d2e8, 0x401200?)
	D:/GoProgram/hdyx/model/actModelRegister.go:39 +0x2df
hdyx/control.Act1GameInit(0xc00047d2e8)
	D:/GoProgram/hdyx/control/act1.go:23 +0xf5
hdyx/api.Act1GameInit(0x0?, {0x0?, 0x0?, 0x6637d9?})
	D:/GoProgram/hdyx/api/act1.go:11 +0x1e
reflect.Value.call({0xe5fe40?, 0xff58a8?, 0xc00014feb0?}, {0xf9006a, 0x4}, {0xc00014ff10, 0x2, 0x0?})
	D:/golang/go1.20.2/src/reflect/value.go:586 +0xb07
reflect.Value.Call({0xe5fe40?, 0xff58a8?, 0x0?}, {0xc00014ff10?, 0x0?, 0x0?})
	D:/golang/go1.20.2/src/reflect/value.go:370 +0xbc
hdyx/net.routeHandel(0xc00047d2e8, 0xc000401200?)
	D:/GoProgram/hdyx/net/route.go:140 +0x2f9
hdyx/net.ListenAndHandel.func1()
	D:/GoProgram/hdyx/net/route.go:115 +0xf4
created by hdyx/net.ListenAndHandel
	D:/GoProgram/hdyx/net/route.go:107 +0x15a

2023-06-05 14:35:29	PANIC	common/logger.go:28	PANIC_ERROR: interface conversion: model.actInfoInterface is *model.Act1Info, not model.Act1Info
goroutine 70 [running]:
runtime/debug.Stack()
	D:/golang/go1.20.2/src/runtime/debug/stack.go:24 +0x65
hdyx/common.tLogger.SystemErrorLog({0xc00068ee28?}, {0xc0005313e8?, 0xc000531490?, 0x2f6610?})
	D:/GoProgram/hdyx/common/logger.go:28 +0x45
hdyx/net.ListenAndHandel.func1.1()
	D:/GoProgram/hdyx/net/route.go:110 +0x6c
panic({0xb82ea0, 0xc0006fe720})
	D:/golang/go1.20.2/src/runtime/panic.go:884 +0x213
hdyx/control.actInfoToOutObj(0xc00070a0f8?)
	D:/GoProgram/hdyx/control/act1.go:82 +0x489
hdyx/control.Act1GameInit(0xc00070a0f8)
	D:/GoProgram/hdyx/control/act1.go:28 +0x190
hdyx/api.Act1GameInit(0x0?, {0x0?, 0x0?, 0x3437d9?})
	D:/GoProgram/hdyx/api/act1.go:11 +0x1e
reflect.Value.call({0xb3fe40?, 0xcd58a8?, 0xc000013eb0?}, {0xc7006a, 0x4}, {0xc000013f10, 0x2, 0x0?})
	D:/golang/go1.20.2/src/reflect/value.go:586 +0xb07
reflect.Value.Call({0xb3fe40?, 0xcd58a8?, 0x0?}, {0xc000013f10?, 0x0?, 0x0?})
	D:/golang/go1.20.2/src/reflect/value.go:370 +0xbc
hdyx/net.routeHandel(0xc00070a0f8, 0xc000401200?)
	D:/GoProgram/hdyx/net/route.go:140 +0x2f9
hdyx/net.ListenAndHandel.func1()
	D:/GoProgram/hdyx/net/route.go:115 +0xf4
created by hdyx/net.ListenAndHandel
	D:/GoProgram/hdyx/net/route.go:107 +0x15a

2023-06-05 14:37:43	PANIC	common/logger.go:28	PANIC_ERROR: interface conversion: model.actInfoInterface is *model.Act1Info, not model.Act1Info
goroutine 44 [running]:
runtime/debug.Stack()
	D:/golang/go1.20.2/src/runtime/debug/stack.go:24 +0x65
hdyx/common.tLogger.SystemErrorLog({0xc000523e68?}, {0xc0001473e8?, 0xc000147490?, 0xc06610?})
	D:/GoProgram/hdyx/common/logger.go:28 +0x45
hdyx/net.ListenAndHandel.func1.1()
	D:/GoProgram/hdyx/net/route.go:110 +0x6c
panic({0x1492ea0, 0xc00038c060})
	D:/golang/go1.20.2/src/runtime/panic.go:884 +0x213
hdyx/control.actInfoToOutObj(0xc00003a148?)
	D:/GoProgram/hdyx/control/act1.go:82 +0x489
hdyx/control.Act1GameInit(0xc00003a148)
	D:/GoProgram/hdyx/control/act1.go:28 +0x190
hdyx/api.Act1GameInit(0x0?, {0x0?, 0x0?, 0xc537d9?})
	D:/GoProgram/hdyx/api/act1.go:11 +0x1e
reflect.Value.call({0x144fe40?, 0x15e58a8?, 0xc000579eb0?}, {0x158006a, 0x4}, {0xc000579f10, 0x2, 0x0?})
	D:/golang/go1.20.2/src/reflect/value.go:586 +0xb07
reflect.Value.Call({0x144fe40?, 0x15e58a8?, 0x0?}, {0xc000579f10?, 0x0?, 0x0?})
	D:/golang/go1.20.2/src/reflect/value.go:370 +0xbc
hdyx/net.routeHandel(0xc00003a148, 0xc000401200?)
	D:/GoProgram/hdyx/net/route.go:140 +0x2f9
hdyx/net.ListenAndHandel.func1()
	D:/GoProgram/hdyx/net/route.go:115 +0xf4
created by hdyx/net.ListenAndHandel
	D:/GoProgram/hdyx/net/route.go:107 +0x15a

2023-06-05 14:45:57	PANIC	common/logger.go:28	PANIC_ERROR: assignment to entry in nil map
goroutine 86 [running]:
runtime/debug.Stack()
	D:/golang/go1.20.2/src/runtime/debug/stack.go:24 +0x65
hdyx/common.tLogger.SystemErrorLog({0x0?}, {0xc0004db418?, 0x10?, 0xc00024c380?})
	D:/GoProgram/hdyx/common/logger.go:28 +0x45
hdyx/net.ListenAndHandel.func1.1()
	D:/GoProgram/hdyx/net/route.go:110 +0x6c
panic({0x1769280, 0x1997220})
	D:/golang/go1.20.2/src/runtime/panic.go:884 +0x213
hdyx/control.actInfoToOutObj(0xc00052a490?)
	D:/GoProgram/hdyx/control/act1.go:106 +0x2f6
hdyx/control.Act1GameInit(0xc00052a490)
	D:/GoProgram/hdyx/control/act1.go:28 +0x190
hdyx/api.Act1GameInit(0x0?, {0x0?, 0x0?, 0xf337d9?})
	D:/GoProgram/hdyx/api/act1.go:11 +0x1e
reflect.Value.call({0x172fe40?, 0x18c5888?, 0xc000027eb0?}, {0x186004a, 0x4}, {0xc000027f10, 0x2, 0x0?})
	D:/golang/go1.20.2/src/reflect/value.go:586 +0xb07
reflect.Value.Call({0x172fe40?, 0x18c5888?, 0x0?}, {0xc000027f10?, 0x0?, 0x0?})
	D:/golang/go1.20.2/src/reflect/value.go:370 +0xbc
hdyx/net.routeHandel(0xc00052a490, 0xc0003ff200?)
	D:/GoProgram/hdyx/net/route.go:140 +0x2f9
hdyx/net.ListenAndHandel.func1()
	D:/GoProgram/hdyx/net/route.go:115 +0xf4
created by hdyx/net.ListenAndHandel
	D:/GoProgram/hdyx/net/route.go:107 +0x15a

2023-06-05 14:50:51	PANIC	common/logger.go:28	PANIC_ERROR: interface conversion: model.actInfoInterface is nil, not model.Act1Info
goroutine 57 [running]:
runtime/debug.Stack()
	D:/golang/go1.20.2/src/runtime/debug/stack.go:24 +0x65
hdyx/common.tLogger.SystemErrorLog({0xc00013f480?}, {0xc00013f488?, 0xc00013f530?, 0xe76610?})
	D:/GoProgram/hdyx/common/logger.go:28 +0x45
hdyx/net.ListenAndHandel.func1.1()
	D:/GoProgram/hdyx/net/route.go:110 +0x6c
panic({0x1702ea0, 0xc0004b4810})
	D:/golang/go1.20.2/src/runtime/panic.go:884 +0x213
hdyx/control.GetAct1Model(0xc0006fc1a8)
	D:/GoProgram/hdyx/control/act1.go:144 +0x2fa
hdyx/control.PlayMyselfEffectCard(0x0?, 0x0)
	D:/GoProgram/hdyx/control/act1.go:37 +0x29
hdyx/api.PlayMyselfEffectCard(0x0?, {0x0, 0x0, 0x0})
	D:/GoProgram/hdyx/api/act1.go:18 +0x6d
reflect.Value.call({0x16bfe40?, 0x18558e0?, 0xc0000cbeb0?}, {0x17f004a, 0x4}, {0xc0000cbf10, 0x2, 0x5?})
	D:/golang/go1.20.2/src/reflect/value.go:586 +0xb07
reflect.Value.Call({0x16bfe40?, 0x18558e0?, 0x0?}, {0xc0000cbf10?, 0xc000105d40?, 0xc0000cbec8?})
	D:/golang/go1.20.2/src/reflect/value.go:370 +0xbc
hdyx/net.routeHandel(0xc0006fc1a8, 0xc0004b41b0?)
	D:/GoProgram/hdyx/net/route.go:140 +0x2f9
hdyx/net.ListenAndHandel.func1()
	D:/GoProgram/hdyx/net/route.go:115 +0xf4
created by hdyx/net.ListenAndHandel
	D:/GoProgram/hdyx/net/route.go:107 +0x15a

2023-06-05 14:51:55	PANIC	common/logger.go:28	PROTO_UNMARSHAL_ERROR
goroutine 55 [running]:
runtime/debug.Stack()
	D:/golang/go1.20.2/src/runtime/debug/stack.go:24 +0x65
hdyx/common.tLogger.SystemErrorLog({0xc000592400?}, {0xc00053b6e0?, 0x200?, 0xee9100?})
	D:/GoProgram/hdyx/common/logger.go:28 +0x45
hdyx/net.ListenAndHandel(0xd749e0?)
	D:/GoProgram/hdyx/net/route.go:101 +0x29a
github.com/gin-gonic/gin.(*Context).Next(...)
	D:/GoProgram/pkg/mod/github.com/gin-gonic/gin@v1.9.0/context.go:174
github.com/gin-gonic/gin.CustomRecoveryWithWriter.func1(0xc000156600)
	D:/GoProgram/pkg/mod/github.com/gin-gonic/gin@v1.9.0/recovery.go:102 +0x82
github.com/gin-gonic/gin.(*Context).Next(...)
	D:/GoProgram/pkg/mod/github.com/gin-gonic/gin@v1.9.0/context.go:174
github.com/gin-gonic/gin.LoggerWithConfig.func1(0xc000156600)
	D:/GoProgram/pkg/mod/github.com/gin-gonic/gin@v1.9.0/logger.go:240 +0xe7
github.com/gin-gonic/gin.(*Context).Next(...)
	D:/GoProgram/pkg/mod/github.com/gin-gonic/gin@v1.9.0/context.go:174
github.com/gin-gonic/gin.(*Engine).handleHTTPRequest(0xc000484ea0, 0xc000156600)
	D:/GoProgram/pkg/mod/github.com/gin-gonic/gin@v1.9.0/gin.go:620 +0x66b
github.com/gin-gonic/gin.(*Engine).ServeHTTP(0xc000484ea0, {0xeefed0?, 0xc00071c2a0}, 0xc000156500)
	D:/GoProgram/pkg/mod/github.com/gin-gonic/gin@v1.9.0/gin.go:576 +0x1dd
net/http.serverHandler.ServeHTTP({0xc0003f5da0?}, {0xeefed0, 0xc00071c2a0}, 0xc000156500)
	D:/golang/go1.20.2/src/net/http/server.go:2936 +0x316
net/http.(*conn).serve(0xc00068a3f0, {0xef08b8, 0xc00034b350})
	D:/golang/go1.20.2/src/net/http/server.go:1995 +0x612
created by net/http.(*Server).Serve
	D:/golang/go1.20.2/src/net/http/server.go:3089 +0x5ed

2023-06-05 14:52:46	PANIC	common/logger.go:28	PANIC_ERROR: interface conversion: model.actInfoInterface is nil, not *model.Act1Info
goroutine 62 [running]:
runtime/debug.Stack()
	D:/golang/go1.20.2/src/runtime/debug/stack.go:24 +0x65
hdyx/common.tLogger.SystemErrorLog({0xc0005454d0?}, {0xc0005454d8?, 0xc000545580?, 0x436610?})
	D:/GoProgram/hdyx/common/logger.go:28 +0x45
hdyx/net.ListenAndHandel.func1.1()
	D:/GoProgram/hdyx/net/route.go:110 +0x6c
panic({0xcc2ea0, 0xc0002ccab0})
	D:/golang/go1.20.2/src/runtime/panic.go:884 +0x213
hdyx/control.GetAct1Model(0xc0001f0788)
	D:/GoProgram/hdyx/control/act1.go:144 +0x2b2
hdyx/control.PlayMyselfEffectCard(0x0?, 0x0)
	D:/GoProgram/hdyx/control/act1.go:37 +0x29
hdyx/api.PlayMyselfEffectCard(0x0?, {0x0, 0x0, 0x0})
	D:/GoProgram/hdyx/api/act1.go:18 +0x6d
reflect.Value.call({0xc7fe40?, 0xe158e0?, 0xc0005b3eb0?}, {0xdb004a, 0x4}, {0xc0005b3f10, 0x2, 0x0?})
	D:/golang/go1.20.2/src/reflect/value.go:586 +0xb07
reflect.Value.Call({0xc7fe40?, 0xe158e0?, 0x0?}, {0xc0005b3f10?, 0x0?, 0x0?})
	D:/golang/go1.20.2/src/reflect/value.go:370 +0xbc
hdyx/net.routeHandel(0xc0001f0788, 0xc000381200?)
	D:/GoProgram/hdyx/net/route.go:140 +0x2f9
hdyx/net.ListenAndHandel.func1()
	D:/GoProgram/hdyx/net/route.go:115 +0xf4
created by hdyx/net.ListenAndHandel
	D:/GoProgram/hdyx/net/route.go:107 +0x15a

2023-06-05 14:55:39	PANIC	common/logger.go:28	PANIC_ERROR: interface conversion: model.actInfoInterface is nil, not *model.Act1Info
goroutine 16 [running]:
runtime/debug.Stack()
	D:/golang/go1.20.2/src/runtime/debug/stack.go:24 +0x65
hdyx/common.tLogger.SystemErrorLog({0x2?}, {0xc0004bf4d8?, 0xc0004bf580?, 0x486610?})
	D:/GoProgram/hdyx/common/logger.go:28 +0x45
hdyx/net.ListenAndHandel.func1.1()
	D:/GoProgram/hdyx/net/route.go:110 +0x6c
panic({0xd12ea0, 0xc000523650})
	D:/golang/go1.20.2/src/runtime/panic.go:884 +0x213
hdyx/control.GetAct1Model(0xc00046fbf8)
	D:/GoProgram/hdyx/control/act1.go:144 +0x2b2
hdyx/control.PlayMyselfEffectCard(0x0?, 0x0)
	D:/GoProgram/hdyx/control/act1.go:37 +0x29
hdyx/api.PlayMyselfEffectCard(0x0?, {0x0, 0x0, 0x0})
	D:/GoProgram/hdyx/api/act1.go:18 +0x6d
reflect.Value.call({0xccfe40?, 0xe658e0?, 0xc0000e9eb0?}, {0xe0004a, 0x4}, {0xc0000e9f10, 0x2, 0x0?})
	D:/golang/go1.20.2/src/reflect/value.go:586 +0xb07
reflect.Value.Call({0xccfe40?, 0xe658e0?, 0x0?}, {0xc0000e9f10?, 0x0?, 0x0?})
	D:/golang/go1.20.2/src/reflect/value.go:370 +0xbc
hdyx/net.routeHandel(0xc00046fbf8, 0xc0004311d0?)
	D:/GoProgram/hdyx/net/route.go:140 +0x2f9
hdyx/net.ListenAndHandel.func1()
	D:/GoProgram/hdyx/net/route.go:115 +0xf4
created by hdyx/net.ListenAndHandel
	D:/GoProgram/hdyx/net/route.go:107 +0x15a

2023-06-05 14:59:19	PANIC	common/logger.go:28	PANIC_ERROR: interface conversion: model.actInfoInterface is nil, not *model.Act1Info
goroutine 50 [running]:
runtime/debug.Stack()
	D:/golang/go1.20.2/src/runtime/debug/stack.go:24 +0x65
hdyx/common.tLogger.SystemErrorLog({0xd600a0?}, {0xc00055f4d8?, 0xc00055f580?, 0x596610?})
	D:/GoProgram/hdyx/common/logger.go:28 +0x45
hdyx/net.ListenAndHandel.func1.1()
	D:/GoProgram/hdyx/net/route.go:110 +0x6c
panic({0xe22ea0, 0xc000701200})
	D:/golang/go1.20.2/src/runtime/panic.go:884 +0x213
hdyx/control.GetAct1Model(0xc00058a2c8)
	D:/GoProgram/hdyx/control/act1.go:144 +0x2b2
hdyx/control.PlayMyselfEffectCard(0x0?, 0x0)
	D:/GoProgram/hdyx/control/act1.go:37 +0x29
hdyx/api.PlayMyselfEffectCard(0x0?, {0x0, 0x0, 0x0})
	D:/GoProgram/hdyx/api/act1.go:18 +0x6d
reflect.Value.call({0xddfe40?, 0xf758e0?, 0xc0000a5eb0?}, {0xf1004a, 0x4}, {0xc0000a5f10, 0x2, 0x0?})
	D:/golang/go1.20.2/src/reflect/value.go:586 +0xb07
reflect.Value.Call({0xddfe40?, 0xf758e0?, 0x0?}, {0xc0000a5f10?, 0x0?, 0x0?})
	D:/golang/go1.20.2/src/reflect/value.go:370 +0xbc
hdyx/net.routeHandel(0xc00058a2c8, 0xc0004b11d0?)
	D:/GoProgram/hdyx/net/route.go:140 +0x2f9
hdyx/net.ListenAndHandel.func1()
	D:/GoProgram/hdyx/net/route.go:115 +0xf4
created by hdyx/net.ListenAndHandel
	D:/GoProgram/hdyx/net/route.go:107 +0x15a

2023-06-05 15:07:32	PANIC	common/logger.go:28	PANIC_ERROR: interface conversion: model.actInfoInterface is nil, not *model.Act1Info
goroutine 31 [running]:
runtime/debug.Stack()
	D:/golang/go1.20.2/src/runtime/debug/stack.go:24 +0x65
hdyx/common.tLogger.SystemErrorLog({0xea0100?}, {0xc0001174d8?, 0xc000117580?, 0x6d6610?})
	D:/GoProgram/hdyx/common/logger.go:28 +0x45
hdyx/net.ListenAndHandel.func1.1()
	D:/GoProgram/hdyx/net/route.go:110 +0x6c
panic({0xf62f00, 0xc00052fec0})
	D:/golang/go1.20.2/src/runtime/panic.go:884 +0x213
hdyx/control.GetAct1Model(0xc0005363c0)
	D:/GoProgram/hdyx/control/act1.go:144 +0x2b2
hdyx/control.PlayMyselfEffectCard(0x0?, 0x0)
	D:/GoProgram/hdyx/control/act1.go:37 +0x29
hdyx/api.PlayMyselfEffectCard(0x0?, {0x0, 0x0, 0x0})
	D:/GoProgram/hdyx/api/act1.go:18 +0x6d
reflect.Value.call({0xf1fe20?, 0x10b5880?, 0xc00008feb0?}, {0x104ffea, 0x4}, {0xc00008ff10, 0x2, 0x0?})
	D:/golang/go1.20.2/src/reflect/value.go:586 +0xb07
reflect.Value.Call({0xf1fe20?, 0x10b5880?, 0x0?}, {0xc00008ff10?, 0x0?, 0x0?})
	D:/golang/go1.20.2/src/reflect/value.go:370 +0xbc
hdyx/net.routeHandel(0xc0005363c0, 0xc000401200?)
	D:/GoProgram/hdyx/net/route.go:140 +0x2f9
hdyx/net.ListenAndHandel.func1()
	D:/GoProgram/hdyx/net/route.go:115 +0xf4
created by hdyx/net.ListenAndHandel
	D:/GoProgram/hdyx/net/route.go:107 +0x15a

2023-06-05 15:11:12	PANIC	common/logger.go:28	PANIC_ERROR: interface conversion: model.actInfoInterface is nil, not *model.Act1Info
goroutine 41 [running]:
runtime/debug.Stack()
	D:/golang/go1.20.2/src/runtime/debug/stack.go:24 +0x65
hdyx/common.tLogger.SystemErrorLog({0x1375360?}, {0xc0005bb4d8?, 0xc0005bb580?, 0xb36610?})
	D:/GoProgram/hdyx/common/logger.go:28 +0x45
hdyx/net.ListenAndHandel.func1.1()
	D:/GoProgram/hdyx/net/route.go:110 +0x6c
panic({0x13c2f00, 0xc00038e8a0})
	D:/golang/go1.20.2/src/runtime/panic.go:884 +0x213
hdyx/control.GetAct1Model(0xc00047d280)
	D:/GoProgram/hdyx/control/act1.go:144 +0x2b2
hdyx/control.PlayMyselfEffectCard(0x0?, 0x0)
	D:/GoProgram/hdyx/control/act1.go:37 +0x29
hdyx/api.PlayMyselfEffectCard(0x0?, {0x0, 0x0, 0x0})
	D:/GoProgram/hdyx/api/act1.go:18 +0x6d
reflect.Value.call({0x137fe20?, 0x1515880?, 0xc000025eb0?}, {0x14affea, 0x4}, {0xc000025f10, 0x2, 0x0?})
	D:/golang/go1.20.2/src/reflect/value.go:586 +0xb07
reflect.Value.Call({0x137fe20?, 0x1515880?, 0x0?}, {0xc000025f10?, 0x0?, 0x0?})
	D:/golang/go1.20.2/src/reflect/value.go:370 +0xbc
hdyx/net.routeHandel(0xc00047d280, 0xc000401200?)
	D:/GoProgram/hdyx/net/route.go:140 +0x2f9
hdyx/net.ListenAndHandel.func1()
	D:/GoProgram/hdyx/net/route.go:115 +0xf4
created by hdyx/net.ListenAndHandel
	D:/GoProgram/hdyx/net/route.go:107 +0x15a

2023-06-05 15:11:38	PANIC	common/logger.go:28	PROTO_UNMARSHAL_ERROR
goroutine 54 [running]:
runtime/debug.Stack()
	D:/golang/go1.20.2/src/runtime/debug/stack.go:24 +0x65
hdyx/common.tLogger.SystemErrorLog({0xc0005b4400?}, {0xc0005a36e0?, 0x200?, 0x10491e0?})
	D:/GoProgram/hdyx/common/logger.go:28 +0x45
hdyx/net.ListenAndHandel(0xed4980?)
	D:/GoProgram/hdyx/net/route.go:101 +0x29a
github.com/gin-gonic/gin.(*Context).Next(...)
	D:/GoProgram/pkg/mod/github.com/gin-gonic/gin@v1.9.0/context.go:174
github.com/gin-gonic/gin.CustomRecoveryWithWriter.func1(0xc000110200)
	D:/GoProgram/pkg/mod/github.com/gin-gonic/gin@v1.9.0/recovery.go:102 +0x82
github.com/gin-gonic/gin.(*Context).Next(...)
	D:/GoProgram/pkg/mod/github.com/gin-gonic/gin@v1.9.0/context.go:174
github.com/gin-gonic/gin.LoggerWithConfig.func1(0xc000110200)
	D:/GoProgram/pkg/mod/github.com/gin-gonic/gin@v1.9.0/logger.go:240 +0xe7
github.com/gin-gonic/gin.(*Context).Next(...)
	D:/GoProgram/pkg/mod/github.com/gin-gonic/gin@v1.9.0/context.go:174
github.com/gin-gonic/gin.(*Engine).handleHTTPRequest(0xc000502680, 0xc000110200)
	D:/GoProgram/pkg/mod/github.com/gin-gonic/gin@v1.9.0/gin.go:620 +0x66b
github.com/gin-gonic/gin.(*Engine).ServeHTTP(0xc000502680, {0x104ffe0?, 0xc00052c000}, 0xc000110100)
	D:/GoProgram/pkg/mod/github.com/gin-gonic/gin@v1.9.0/gin.go:576 +0x1dd
net/http.serverHandler.ServeHTTP({0xc0001de4e0?}, {0x104ffe0, 0xc00052c000}, 0xc000110100)
	D:/golang/go1.20.2/src/net/http/server.go:2936 +0x316
net/http.(*conn).serve(0xc0006921b0, {0x10509b8, 0xc000606c00})
	D:/golang/go1.20.2/src/net/http/server.go:1995 +0x612
created by net/http.(*Server).Serve
	D:/golang/go1.20.2/src/net/http/server.go:3089 +0x5ed

2023-06-05 15:13:22	PANIC	common/logger.go:28	PANIC_ERROR: interface conversion: interface {} is []uint8, not string
goroutine 43 [running]:
runtime/debug.Stack()
	D:/golang/go1.20.2/src/runtime/debug/stack.go:24 +0x65
hdyx/common.tLogger.SystemErrorLog({0x0?}, {0xc0005a3388?, 0xc0005a3430?, 0x596610?})
	D:/GoProgram/hdyx/common/logger.go:28 +0x45
hdyx/net.ListenAndHandel.func1.1()
	D:/GoProgram/hdyx/net/route.go:110 +0x6c
panic({0xe22f00, 0xc0004755c0})
	D:/golang/go1.20.2/src/runtime/panic.go:884 +0x213
hdyx/model.LoadModelInfo(0xe12000?, 0x669d10?, {0x104fd40?, 0xc000669d40})
	D:/GoProgram/hdyx/model/actBaseModel.go:59 +0x3f8
hdyx/model.GetActModel(0xe12120?, 0x401200?)
	D:/GoProgram/hdyx/model/actBaseModel.go:40 +0x54
hdyx/control.GetAct1Model(0xc0006107c8)
	D:/GoProgram/hdyx/control/act1.go:137 +0xf5
hdyx/control.PlayMyselfEffectCard(0x0?, 0x0)
	D:/GoProgram/hdyx/control/act1.go:37 +0x29
hdyx/api.PlayMyselfEffectCard(0x0?, {0x0, 0x0, 0x0})
	D:/GoProgram/hdyx/api/act1.go:18 +0x6d
reflect.Value.call({0xddfe20?, 0xf75880?, 0xc00010beb0?}, {0xf0ffea, 0x4}, {0xc00010bf10, 0x2, 0x0?})
	D:/golang/go1.20.2/src/reflect/value.go:586 +0xb07
reflect.Value.Call({0xddfe20?, 0xf75880?, 0x0?}, {0xc00010bf10?, 0x0?, 0x0?})
	D:/golang/go1.20.2/src/reflect/value.go:370 +0xbc
hdyx/net.routeHandel(0xc0006107c8, 0xc000401200?)
	D:/GoProgram/hdyx/net/route.go:140 +0x2f9
hdyx/net.ListenAndHandel.func1()
	D:/GoProgram/hdyx/net/route.go:115 +0xf4
created by hdyx/net.ListenAndHandel
	D:/GoProgram/hdyx/net/route.go:107 +0x15a

2023-06-05 15:58:54	PANIC	common/logger.go:28	PANIC_ERROR: interface conversion: model.actInfoInterface is nil, not *model.Act1Info
goroutine 32 [running]:
runtime/debug.Stack()
	D:/golang/go1.20.2/src/runtime/debug/stack.go:24 +0x65
hdyx/common.tLogger.SystemErrorLog({0xc000044340?}, {0xc0004e94d8?, 0xc0004e9580?, 0x5f6610?})
	D:/GoProgram/hdyx/common/logger.go:28 +0x45
hdyx/net.ListenAndHandel.func1.1()
	D:/GoProgram/hdyx/net/route.go:110 +0x6c
panic({0xe82f00, 0xc00034b530})
	D:/golang/go1.20.2/src/runtime/panic.go:884 +0x213
hdyx/control.GetAct1Model(0xc0007000a8)
	D:/GoProgram/hdyx/control/act1.go:144 +0x2b2
hdyx/control.PlayMyselfEffectCard(0x0?, 0x0)
	D:/GoProgram/hdyx/control/act1.go:37 +0x29
hdyx/api.PlayMyselfEffectCard(0x0?, {0x0, 0x0, 0x0})
	D:/GoProgram/hdyx/api/act1.go:18 +0x6d
reflect.Value.call({0xe3fe20?, 0xfd5880?, 0xc0004dbeb0?}, {0xf6ffea, 0x4}, {0xc0004dbf10, 0x2, 0x0?})
	D:/golang/go1.20.2/src/reflect/value.go:586 +0xb07
reflect.Value.Call({0xe3fe20?, 0xfd5880?, 0x0?}, {0xc0004dbf10?, 0x0?, 0x0?})
	D:/golang/go1.20.2/src/reflect/value.go:370 +0xbc
hdyx/net.routeHandel(0xc0007000a8, 0xc000401200?)
	D:/GoProgram/hdyx/net/route.go:140 +0x2f9
hdyx/net.ListenAndHandel.func1()
	D:/GoProgram/hdyx/net/route.go:115 +0xf4
created by hdyx/net.ListenAndHandel
	D:/GoProgram/hdyx/net/route.go:107 +0x15a

2023-06-05 17:23:32	PANIC	common/logger.go:28	PROTO_UNMARSHAL_ERROR
goroutine 28 [running]:
runtime/debug.Stack()
	D:/golang/go1.20.2/src/runtime/debug/stack.go:24 +0x65
hdyx/common.tLogger.SystemErrorLog({0xc00082e400?}, {0xc0005556e0?, 0x200?, 0x11c8f80?})
	D:/GoProgram/hdyx/common/logger.go:28 +0x45
hdyx/net.ListenAndHandel(0x10547c0?)
	D:/GoProgram/hdyx/net/route.go:101 +0x29a
github.com/gin-gonic/gin.(*Context).Next(...)
	D:/GoProgram/pkg/mod/github.com/gin-gonic/gin@v1.9.0/context.go:174
github.com/gin-gonic/gin.CustomRecoveryWithWriter.func1(0xc0001d6100)
	D:/GoProgram/pkg/mod/github.com/gin-gonic/gin@v1.9.0/recovery.go:102 +0x82
github.com/gin-gonic/gin.(*Context).Next(...)
	D:/GoProgram/pkg/mod/github.com/gin-gonic/gin@v1.9.0/context.go:174
github.com/gin-gonic/gin.LoggerWithConfig.func1(0xc0001d6100)
	D:/GoProgram/pkg/mod/github.com/gin-gonic/gin@v1.9.0/logger.go:240 +0xe7
github.com/gin-gonic/gin.(*Context).Next(...)
	D:/GoProgram/pkg/mod/github.com/gin-gonic/gin@v1.9.0/context.go:174
github.com/gin-gonic/gin.(*Engine).handleHTTPRequest(0xc0007056c0, 0xc0001d6100)
	D:/GoProgram/pkg/mod/github.com/gin-gonic/gin@v1.9.0/gin.go:620 +0x66b
github.com/gin-gonic/gin.(*Engine).ServeHTTP(0xc0007056c0, {0x11cfd60?, 0xc00035e000}, 0xc0001d6000)
	D:/GoProgram/pkg/mod/github.com/gin-gonic/gin@v1.9.0/gin.go:576 +0x1dd
net/http.serverHandler.ServeHTTP({0xc00066ebd0?}, {0x11cfd60, 0xc00035e000}, 0xc0001d6000)
	D:/golang/go1.20.2/src/net/http/server.go:2936 +0x316
net/http.(*conn).serve(0xc000662c60, {0x11d0738, 0xc0001de120})
	D:/golang/go1.20.2/src/net/http/server.go:1995 +0x612
created by net/http.(*Server).Serve
	D:/golang/go1.20.2/src/net/http/server.go:3089 +0x5ed

2023-06-05 17:42:46	PANIC	common/logger.go:28	PROTO_UNMARSHAL_ERROR
goroutine 31 [running]:
runtime/debug.Stack()
	D:/golang/go1.20.2/src/runtime/debug/stack.go:24 +0x65
hdyx/common.tLogger.SystemErrorLog({0xc000494800?}, {0xc0004936e0?, 0x200?, 0x11c8f80?})
	D:/GoProgram/hdyx/common/logger.go:28 +0x45
hdyx/net.ListenAndHandel(0x10547c0?)
	D:/GoProgram/hdyx/net/route.go:101 +0x29a
github.com/gin-gonic/gin.(*Context).Next(...)
	D:/GoProgram/pkg/mod/github.com/gin-gonic/gin@v1.9.0/context.go:174
github.com/gin-gonic/gin.CustomRecoveryWithWriter.func1(0xc0001d6300)
	D:/GoProgram/pkg/mod/github.com/gin-gonic/gin@v1.9.0/recovery.go:102 +0x82
github.com/gin-gonic/gin.(*Context).Next(...)
	D:/GoProgram/pkg/mod/github.com/gin-gonic/gin@v1.9.0/context.go:174
github.com/gin-gonic/gin.LoggerWithConfig.func1(0xc0001d6300)
	D:/GoProgram/pkg/mod/github.com/gin-gonic/gin@v1.9.0/logger.go:240 +0xe7
github.com/gin-gonic/gin.(*Context).Next(...)
	D:/GoProgram/pkg/mod/github.com/gin-gonic/gin@v1.9.0/context.go:174
github.com/gin-gonic/gin.(*Engine).handleHTTPRequest(0xc0007056c0, 0xc0001d6300)
	D:/GoProgram/pkg/mod/github.com/gin-gonic/gin@v1.9.0/gin.go:620 +0x66b
github.com/gin-gonic/gin.(*Engine).ServeHTTP(0xc0007056c0, {0x11cfd60?, 0xc00035e2a0}, 0xc0001d6200)
	D:/GoProgram/pkg/mod/github.com/gin-gonic/gin@v1.9.0/gin.go:576 +0x1dd
net/http.serverHandler.ServeHTTP({0xc000475410?}, {0x11cfd60, 0xc00035e2a0}, 0xc0001d6200)
	D:/golang/go1.20.2/src/net/http/server.go:2936 +0x316
net/http.(*conn).serve(0xc00052b9e0, {0x11d0738, 0xc0001de120})
	D:/golang/go1.20.2/src/net/http/server.go:1995 +0x612
created by net/http.(*Server).Serve
	D:/golang/go1.20.2/src/net/http/server.go:3089 +0x5ed

