2023-06-24 20:33:29	PANIC	tCommon/logger.go:28	Invalid node tag
goroutine 1 [running]:
runtime/debug.Stack()
	D:/GO_program/go1.20.3/src/runtime/debug/stack.go:24 +0x65
tzyNet/tCommon.tLogger.SystemErrorLog({0xc0000440c0?}, {0xc000619e98?, 0x1905000?, 0x1205d06?})
	D:/goprogram/hdyx/tCommon/logger.go:28 +0x45
main.main()
	D:/goprogram/hdyx/tzyNet-demo/gateway.go:21 +0x112

2023-06-24 20:33:55	PANIC	tCommon/logger.go:28	ERROR_HOST_IP:  Get "http://myexternalip.com/raw": read tcp 192.168.1.5:61392->34.160.111.145:80: wsarecv: An existing connection was forcibly closed by the remote host.
goroutine 1 [running]:
runtime/debug.Stack()
	D:/GO_program/go1.20.3/src/runtime/debug/stack.go:24 +0x65
tzyNet/tCommon.tLogger.SystemErrorLog({0xc00031fc01?}, {0xc0006b7d68?, 0xc0006b7e10?, 0xfd16f9?})
	D:/goprogram/hdyx/tCommon/logger.go:28 +0x45
tzyNet/tNet.etcdRegisterService()
	D:/goprogram/hdyx/tNet/serverBase.go:33 +0x305
tzyNet/tNet.ServerInit()
	D:/goprogram/hdyx/tNet/serverBase.go:24 +0x25
main.main()
	D:/goprogram/hdyx/tzyNet-demo/gateway.go:24 +0x117

2023-06-24 20:55:44	PANIC	tCommon/logger.go:28	ERROR_HOST_IP:  Get "http://myexternalip.com/raw": read tcp 192.168.1.5:64797->34.160.111.145:80: wsarecv: An existing connection was forcibly closed by the remote host.
goroutine 1 [running]:
runtime/debug.Stack()
	D:/GO_program/go1.20.3/src/runtime/debug/stack.go:24 +0x65
tzyNet/tCommon.tLogger.SystemErrorLog({0xfa9101?}, {0xc00058dd98?, 0xc00058de40?, 0xac16f9?})
	D:/goprogram/hdyx/tCommon/logger.go:28 +0x45
tzyNet/tNet.etcdRegisterService()
	D:/goprogram/hdyx/tNet/serverBase.go:33 +0x305
tzyNet/tNet.ServerInit()
	D:/goprogram/hdyx/tNet/serverBase.go:24 +0x25
main.main()
	D:/goprogram/hdyx/tzyNet-demo/gateway.go:24 +0x116

2023-06-24 20:56:23	PANIC	tCommon/logger.go:28	PROTO_UNMARSHAL_ERROR
goroutine 43 [running]:
runtime/debug.Stack()
	D:/GO_program/go1.20.3/src/runtime/debug/stack.go:24 +0x65
tzyNet/tCommon.tLogger.SystemErrorLog({0xc0001d0a00?}, {0xc000459a28?, 0x200?, 0xf2b560?})
	D:/goprogram/hdyx/tCommon/logger.go:28 +0x45
tzyNet/tNet.wsMsgHandler({0xf31700?, 0xc0004ae000?}, 0xffffffffffffffff?)
	D:/goprogram/hdyx/tNet/wsServer.go:60 +0x305
net/http.HandlerFunc.ServeHTTP(0xc0005c8a00?, {0xf31700?, 0xc0004ae000?}, 0x42de68?)
	D:/GO_program/go1.20.3/src/net/http/server.go:2122 +0x2f
net/http.(*ServeMux).ServeHTTP(0x0?, {0xf31700, 0xc0004ae000}, 0xc0001f0000)
	D:/GO_program/go1.20.3/src/net/http/server.go:2500 +0x149
net/http.serverHandler.ServeHTTP({0xc000590210?}, {0xf31700, 0xc0004ae000}, 0xc0001f0000)
	D:/GO_program/go1.20.3/src/net/http/server.go:2936 +0x316
net/http.(*conn).serve(0xc0006aa900, {0xf32058, 0xc0006a2e10})
	D:/GO_program/go1.20.3/src/net/http/server.go:1995 +0x612
created by net/http.(*Server).Serve
	D:/GO_program/go1.20.3/src/net/http/server.go:3089 +0x5ed

2023-06-24 20:57:19	PANIC	tCommon/logger.go:28	PANIC_ERROR: runtime error: invalid memory address or nil pointer dereference
goroutine 51 [running]:
runtime/debug.Stack()
	D:/GO_program/go1.20.3/src/runtime/debug/stack.go:24 +0x65
tzyNet/tCommon.tLogger.SystemErrorLog({0xc000387c60?}, {0xc000023c70?, 0x800000000000001c?, 0x0?})
	D:/goprogram/hdyx/tCommon/logger.go:28 +0x45
tzyNet/tNet.wsMsgHandler.func1.1()
	D:/goprogram/hdyx/tNet/wsServer.go:74 +0xbb
panic({0xceb9e0, 0x14d3fc0})
	D:/GO_program/go1.20.3/src/runtime/panic.go:884 +0x213
tzyNet/tNet.(*WsServer).getFuncByrouteCmd(0x42de68?, 0x10002)
	D:/goprogram/hdyx/tNet/routeRegister.go:92 +0x2a
tzyNet/tNet.wsRouteHandel(0xc00009c360, 0xc00042bef0?)
	D:/goprogram/hdyx/tNet/routeRegister.go:109 +0x5d
tzyNet/tNet.wsMsgHandler.func1()
	D:/goprogram/hdyx/tNet/wsServer.go:79 +0x10a
created by tzyNet/tNet.wsMsgHandler
	D:/goprogram/hdyx/tNet/wsServer.go:69 +0x1b1

2023-06-24 20:58:01	PANIC	tCommon/logger.go:28	Invalid node tag
goroutine 1 [running]:
runtime/debug.Stack()
	D:/GO_program/go1.20.3/src/runtime/debug/stack.go:24 +0x65
tzyNet/tCommon.tLogger.SystemErrorLog({0xc0000440c0?}, {0xc000623ee0?, 0x2001040?, 0x18fd166?})
	D:/goprogram/hdyx/tCommon/logger.go:28 +0x45
main.main()
	D:/goprogram/hdyx/tzyNet-demo/gateway.go:21 +0x111

2023-06-24 20:58:24	PANIC	tCommon/logger.go:28	PANIC_ERROR: runtime error: invalid memory address or nil pointer dereference
goroutine 14 [running]:
runtime/debug.Stack()
	D:/GO_program/go1.20.3/src/runtime/debug/stack.go:24 +0x65
tzyNet/tCommon.tLogger.SystemErrorLog({0xc000719c60?}, {0xc0004abc70?, 0x800000000000001c?, 0x0?})
	D:/goprogram/hdyx/tCommon/logger.go:28 +0x45
tzyNet/tNet.wsMsgHandler.func1.1()
	D:/goprogram/hdyx/tNet/wsServer.go:74 +0xbb
panic({0x157b9e0, 0x1d63fc0})
	D:/GO_program/go1.20.3/src/runtime/panic.go:884 +0x213
tzyNet/tNet.(*WsServer).getFuncByrouteCmd(0x152dc40?, 0x10002)
	D:/goprogram/hdyx/tNet/routeRegister.go:92 +0x2a
tzyNet/tNet.wsRouteHandel(0xc00025ad50, 0xc0003e1ec0?)
	D:/goprogram/hdyx/tNet/routeRegister.go:109 +0x5d
tzyNet/tNet.wsMsgHandler.func1()
	D:/goprogram/hdyx/tNet/wsServer.go:79 +0x10a
created by tzyNet/tNet.wsMsgHandler
	D:/goprogram/hdyx/tNet/wsServer.go:69 +0x1b1

2023-06-24 21:01:08	PANIC	tCommon/logger.go:28	PANIC_ERROR: runtime error: invalid memory address or nil pointer dereference
goroutine 68 [running]:
runtime/debug.Stack()
	D:/GO_program/go1.20.3/src/runtime/debug/stack.go:24 +0x65
tzyNet/tCommon.tLogger.SystemErrorLog({0xc000547c60?}, {0xc0005a3c70?, 0x800000000000001c?, 0x0?})
	D:/goprogram/hdyx/tCommon/logger.go:28 +0x45
tzyNet/tNet.wsMsgHandler.func1.1()
	D:/goprogram/hdyx/tNet/wsServer.go:74 +0xbb
panic({0x141b9e0, 0x1c03fc0})
	D:/GO_program/go1.20.3/src/runtime/panic.go:884 +0x213
tzyNet/tNet.(*WsServer).getFuncByrouteCmd(0x13cdc40?, 0x10002)
	D:/goprogram/hdyx/tNet/routeRegister.go:92 +0x2a
tzyNet/tNet.wsRouteHandel(0xc00034e850, 0xc0003e1ec0?)
	D:/goprogram/hdyx/tNet/routeRegister.go:109 +0x5d
tzyNet/tNet.wsMsgHandler.func1()
	D:/goprogram/hdyx/tNet/wsServer.go:79 +0x10a
created by tzyNet/tNet.wsMsgHandler
	D:/goprogram/hdyx/tNet/wsServer.go:69 +0x1b1

2023-06-24 21:05:07	PANIC	tCommon/logger.go:28	RouteCmd not found: 2
goroutine 42 [running]:
runtime/debug.Stack()
	D:/GO_program/go1.20.3/src/runtime/debug/stack.go:24 +0x65
tzyNet/tCommon.tLogger.SystemErrorLog({0x12f4c20?}, {0xc00040be38?, 0x2?, 0x1465ad8?})
	D:/goprogram/hdyx/tCommon/logger.go:28 +0x45
tzyNet/tNet.(*WsServer).getFuncByrouteCmd(0x12aec80?, 0x10002)
	D:/goprogram/hdyx/tNet/routeRegister.go:101 +0x128
tzyNet/tNet.wsRouteHandel(0xc00025ad60, 0xc0003dfec0?)
	D:/goprogram/hdyx/tNet/routeRegister.go:111 +0x5d
tzyNet/tNet.wsMsgHandler.func1()
	D:/goprogram/hdyx/tNet/wsServer.go:79 +0x10a
created by tzyNet/tNet.wsMsgHandler
	D:/goprogram/hdyx/tNet/wsServer.go:69 +0x1b1

2023-06-24 21:05:07	PANIC	tCommon/logger.go:28	PANIC_ERROR: RouteCmd not found: 2
goroutine 42 [running]:
runtime/debug.Stack()
	D:/GO_program/go1.20.3/src/runtime/debug/stack.go:24 +0x65
tzyNet/tCommon.tLogger.SystemErrorLog({0x12f4c20?}, {0xc00040be38?, 0x2?, 0x1465ad8?})
	D:/goprogram/hdyx/tCommon/logger.go:28 +0x45
tzyNet/tNet.(*WsServer).getFuncByrouteCmd(0x12aec80?, 0x10002)
	D:/goprogram/hdyx/tNet/routeRegister.go:101 +0x128
tzyNet/tNet.wsRouteHandel(0xc00025ad60, 0xc0003dfec0?)
	D:/goprogram/hdyx/tNet/routeRegister.go:111 +0x5d
tzyNet/tNet.wsMsgHandler.func1()
	D:/goprogram/hdyx/tNet/wsServer.go:79 +0x10a
created by tzyNet/tNet.wsMsgHandler
	D:/goprogram/hdyx/tNet/wsServer.go:69 +0x1b1

goroutine 42 [running]:
runtime/debug.Stack()
	D:/GO_program/go1.20.3/src/runtime/debug/stack.go:24 +0x65
tzyNet/tCommon.tLogger.SystemErrorLog({0xc0004e3a18?}, {0xc0004e3a28?, 0xc0004e3a28?, 0xa3e247?})
	D:/goprogram/hdyx/tCommon/logger.go:28 +0x45
tzyNet/tNet.wsMsgHandler.func1.1()
	D:/goprogram/hdyx/tNet/wsServer.go:74 +0xbb
panic({0x12b5680, 0xc0003fa9f0})
	D:/GO_program/go1.20.3/src/runtime/panic.go:884 +0x213
go.uber.org/zap/zapcore.CheckWriteAction.OnWrite(0x0?, 0x0?, {0x0?, 0x0?, 0xc0003ca2e0?})
	D:/GO_program/pkg/mod/go.uber.org/zap@v1.24.0/zapcore/entry.go:198 +0x65
go.uber.org/zap/zapcore.(*CheckedEntry).Write(0xc0000428f0, {0x0, 0x0, 0x0})
	D:/GO_program/pkg/mod/go.uber.org/zap@v1.24.0/zapcore/entry.go:264 +0x3ec
go.uber.org/zap.(*Logger).Panic(0xc00040be38?, {0xc0004da000?, 0x26d?}, {0x0, 0x0, 0x0})
	D:/GO_program/pkg/mod/go.uber.org/zap@v1.24.0/logger.go:258 +0x59
tzyNet/tCommon.tLogger.SystemErrorLog({0x12f4c20?}, {0xc00040be38?, 0x2?, 0x1465ad8?})
	D:/goprogram/hdyx/tCommon/logger.go:28 +0x85
tzyNet/tNet.(*WsServer).getFuncByrouteCmd(0x12aec80?, 0x10002)
	D:/goprogram/hdyx/tNet/routeRegister.go:101 +0x128
tzyNet/tNet.wsRouteHandel(0xc00025ad60, 0xc0003dfec0?)
	D:/goprogram/hdyx/tNet/routeRegister.go:111 +0x5d
tzyNet/tNet.wsMsgHandler.func1()
	D:/goprogram/hdyx/tNet/wsServer.go:79 +0x10a
created by tzyNet/tNet.wsMsgHandler
	D:/goprogram/hdyx/tNet/wsServer.go:69 +0x1b1

2023-06-24 23:15:18	PANIC	tCommon/logger.go:28	Invalid node tag
goroutine 1 [running]:
runtime/debug.Stack()
	D:/GO_program/go1.20.3/src/runtime/debug/stack.go:24 +0x65
tzyNet/tCommon.tLogger.SystemErrorLog({0xc0000440c0?}, {0xc0004a5ee0?, 0x1e72040?, 0x176e266?})
	D:/goprogram/hdyx/tCommon/logger.go:28 +0x45
main.main()
	D:/goprogram/hdyx/tzyNet-demo/gateway.go:21 +0x111

2023-06-24 23:15:26	PANIC	tCommon/logger.go:28	Invalid node tag
goroutine 1 [running]:
runtime/debug.Stack()
	D:/GO_program/go1.20.3/src/runtime/debug/stack.go:24 +0x65
tzyNet/tCommon.tLogger.SystemErrorLog({0xc0000d2000?}, {0xc0005a7ee0?, 0x1932040?, 0x122e266?})
	D:/goprogram/hdyx/tCommon/logger.go:28 +0x45
main.main()
	D:/goprogram/hdyx/tzyNet-demo/gateway.go:21 +0x111

